#
# A fatal error has been detected by the Java Runtime Environment:
#
#  SIGSEGV (0xb) at pc=0x000000011f176f44, pid=10694, tid=0x0000000000001703
#
# JRE version: Java(TM) SE Runtime Environment (8.0_92-b14) (build 1.8.0_92-b14)
# Java VM: Java HotSpot(TM) 64-Bit Server VM (25.92-b14 mixed mode bsd-amd64 compressed oops)
# Problematic frame:
# C  [libgdx-liquidfun64.dylib+0x24f44]  b2ParticleSystem::CreateParticleGroup(b2ParticleGroupDef const&)+0x134
#
# Failed to write core dump. Core dumps have been disabled. To enable core dumping, try "ulimit -c unlimited" before starting Java again
#
# If you would like to submit a bug report, please visit:
#   http://bugreport.java.com/bugreport/crash.jsp
# The crash happened outside the Java Virtual Machine in native code.
# See problematic frame for where to report the bug.
#

---------------  T H R E A D  ---------------

Current thread (0x00007fad5d001800):  JavaThread "main" [_thread_in_native, id=5891, stack(0x000070000011a000,0x000070000021a000)]

siginfo: si_signo: 11 (SIGSEGV), si_code: 1 (SEGV_MAPERR), si_addr: 0x0000000000000000

Registers:
RAX=0x0000000000000000, RBX=0x0000000000000000, RCX=0x0000000000001aae, RDX=0x0000000000000000
RSP=0x00007000002186b0, RBP=0x0000700000218770, RSI=0x0000000000001aae, RDI=0x00007fad5ca83000
R8 =0x0000000000000000, R9 =0x0000000000000021, R10=0x00000000005f7200, R11=0x00000000730c6f00
R12=0x0000700000218718, R13=0x0000700000218788, R14=0x00007fad5ca83000, R15=0x0000700000218738
RIP=0x000000011f176f44, EFLAGS=0x0000000000010246, ERR=0x0000000000000004
  TRAPNO=0x000000000000000e

Top of Stack: (sp=0x00007000002186b0)
0x00007000002186b0:   00000000000003d8 000000005d001800
0x00007000002186c0:   4020000041dc0000 0000000000000000
0x00007000002186d0:   00007fad5e218fe0 000000003f800000
0x00007000002186e0:   0000700000218930 4020000041dc0000
0x00007000002186f0:   3f80000000000000 000000010000001a
0x0000700000218700:   0000000000000017 0000700000218940
0x0000700000218710:   0000700000218860 00007000002187c0
0x0000700000218720:   0000700000218808 00007000002187c0
0x0000700000218730:   0000000800000005 000000011b344148
0x0000700000218740:   00007fad5d001800 000000011b344195
0x0000700000218750:   0000000000000000 000000011b344148
0x0000700000218760:   00000000000003e8 00007fad5d001800
0x0000700000218770:   0000700000218800 000000011f18d40c
0x0000700000218780:   0000700000218928 0000000000000000
0x0000700000218790:   4020000041dc0000 0000000000000000
0x00007000002187a0:   0000000000000000 3f80000000f29520
0x00007000002187b0:   00007fad5e3edc10 0000000000000000
0x00007000002187c0:   0000000000000000 00000000000003e8
0x00007000002187d0:   0000000000000000 0000000000000000
0x00007000002187e0:   0000000000000000 0000000000000000
0x00007000002187f0:   000000011b344148 0000700000218a10
0x0000700000218800:   0000700000218928 00000001025ae9d4
0x0000700000218810:   0000000000000095 00000000000000f2
0x0000700000218820:   0000000000000000 00007fad5e3edc10
0x0000700000218830:   00000000000003e8 0000000000000000
0x0000700000218840:   0000000000000000 0000000000000000
0x0000700000218850:   0000000000000000 ffffffffffffffff
0x0000700000218860:   00007000002188a0 0000000101a4ade7
0x0000700000218870:   00007000002188b8 00000001296a0ce0
0x0000700000218880:   00007000002188a0 00000001017f2aee
0x0000700000218890:   00007fad5d001800 00007fad5d001800
0x00007000002188a0:   00007000002188d0 00000001018e60c7 

Instructions: (pc=0x000000011f176f44)
0x000000011f176f24:   f4 00 00 00 66 49 0f 6e c7 0f 29 85 50 ff ff ff
0x000000011f176f34:   4c 8d 7d c8 31 db 4c 8d 65 a8 66 90 49 8b 45 48
0x000000011f176f44:   f3 0f 10 04 d8 f3 0f 10 4c d8 04 49 c7 47 08 00
0x000000011f176f54:   00 00 00 49 c7 07 00 00 00 00 41 8b 45 00 89 45 

Register to memory mapping:

RAX=0x0000000000000000 is an unknown value
RBX=0x0000000000000000 is an unknown value
RCX=0x0000000000001aae is an unknown value
RDX=0x0000000000000000 is an unknown value
RSP=0x00007000002186b0 is pointing into the stack for thread: 0x00007fad5d001800
RBP=0x0000700000218770 is pointing into the stack for thread: 0x00007fad5d001800
RSI=0x0000000000001aae is an unknown value
RDI=0x00007fad5ca83000 is an unknown value
R8 =0x0000000000000000 is an unknown value
R9 =0x0000000000000021 is an unknown value
R10=0x00000000005f7200 is an unknown value
R11=0x00000000730c6f00 is an unknown value
R12=0x0000700000218718 is pointing into the stack for thread: 0x00007fad5d001800
R13=0x0000700000218788 is pointing into the stack for thread: 0x00007fad5d001800
R14=0x00007fad5ca83000 is an unknown value
R15=0x0000700000218738 is pointing into the stack for thread: 0x00007fad5d001800


Stack: [0x000070000011a000,0x000070000021a000],  sp=0x00007000002186b0,  free space=1017k
Native frames: (J=compiled Java code, j=interpreted, Vv=VM code, C=native code)
C  [libgdx-liquidfun64.dylib+0x24f44]  b2ParticleSystem::CreateParticleGroup(b2ParticleGroupDef const&)+0x134
C  [libgdx-liquidfun64.dylib+0x3b40c]  Java_finnstr_libgdx_liquidfun_ParticleSystem_jniCreateParticleGroup+0xec
j  finnstr.libgdx.liquidfun.ParticleSystem.jniCreateParticleGroup(JIIFFFFFFIIIIFJFIZFFFJ)J+0
j  finnstr.libgdx.liquidfun.ParticleSystem.createParticleGroup(Lfinnstr/libgdx/liquidfun/ParticleGroupDef;)Lfinnstr/libgdx/liquidfun/ParticleGroup;+314
j  io.deltawave.Service.Level.LevelBuilder.addParticles(FFFFFLjava/lang/String;)Lfinnstr/libgdx/liquidfun/ParticleGroup;+99
j  io.deltawave.Service.Level.LevelService.addLiquidFromJson(Lcom/google/gson/JsonObject;FLio/deltawave/Service/Level/LevelBuilder;)Lfinnstr/libgdx/liquidfun/ParticleGroup;+121
j  io.deltawave.Service.Level.LevelService.lambda$createLevelFromJson$6(FLio/deltawave/Service/Level/LevelBuilder;Lcom/google/gson/JsonObject;)V+4
j  io.deltawave.Service.Level.LevelService$$Lambda$22.accept(Ljava/lang/Object;)V+16
j  java.util.ArrayList.forEach(Ljava/util/function/Consumer;)V+47
j  io.deltawave.Service.Level.LevelService.createLevelFromJson(Lcom/google/gson/JsonObject;)Lio/deltawave/Domain/Level;+164
j  io.deltawave.Service.Level.LevelService.loadLevelFile(Ljava/lang/String;)Lio/deltawave/Domain/Level;+67
j  io.deltawave.Controller.GameController.<init>(Lio/deltawave/Service/Render/RenderService;Lio/deltawave/Service/World/WorldService;Lio/deltawave/Service/Level/LevelService;Lio/deltawave/Service/Input/SwingInputService;)V+60
j  io.deltawave.App.<init>(II)V+62
j  io.deltawave.App.main([Ljava/lang/String;)V+68
v  ~StubRoutines::call_stub
V  [libjvm.dylib+0x2ecc9a]  JavaCalls::call_helper(JavaValue*, methodHandle*, JavaCallArguments*, Thread*)+0x6ae
V  [libjvm.dylib+0x4cdb7c]  Reflection::invoke(instanceKlassHandle, methodHandle, Handle, bool, objArrayHandle, BasicType, objArrayHandle, bool, Thread*)+0xe12
V  [libjvm.dylib+0x4ce0b0]  Reflection::invoke_method(oopDesc*, Handle, objArrayHandle, Thread*)+0x16c
V  [libjvm.dylib+0x345118]  JVM_InvokeMethod+0x166
j  sun.reflect.NativeMethodAccessorImpl.invoke0(Ljava/lang/reflect/Method;Ljava/lang/Object;[Ljava/lang/Object;)Ljava/lang/Object;+0
j  sun.reflect.NativeMethodAccessorImpl.invoke(Ljava/lang/Object;[Ljava/lang/Object;)Ljava/lang/Object;+100
j  sun.reflect.DelegatingMethodAccessorImpl.invoke(Ljava/lang/Object;[Ljava/lang/Object;)Ljava/lang/Object;+6
j  java.lang.reflect.Method.invoke(Ljava/lang/Object;[Ljava/lang/Object;)Ljava/lang/Object;+56
j  com.intellij.rt.execution.application.AppMain.main([Ljava/lang/String;)V+180
v  ~StubRoutines::call_stub
V  [libjvm.dylib+0x2ecc9a]  JavaCalls::call_helper(JavaValue*, methodHandle*, JavaCallArguments*, Thread*)+0x6ae
V  [libjvm.dylib+0x323b0e]  jni_invoke_static(JNIEnv_*, JavaValue*, _jobject*, JNICallType, _jmethodID*, JNI_ArgumentPusher*, Thread*)+0x1bf
V  [libjvm.dylib+0x31c885]  jni_CallStaticVoidMethod+0x15d
C  [java+0x3931]  JavaMain+0x9c4
C  [libsystem_pthread.dylib+0x399d]  _pthread_body+0x83
C  [libsystem_pthread.dylib+0x391a]  _pthread_body+0x0
C  [libsystem_pthread.dylib+0x1351]  thread_start+0xd
C  0x0000000000000000

Java frames: (J=compiled Java code, j=interpreted, Vv=VM code)
j  finnstr.libgdx.liquidfun.ParticleSystem.jniCreateParticleGroup(JIIFFFFFFIIIIFJFIZFFFJ)J+0
j  finnstr.libgdx.liquidfun.ParticleSystem.createParticleGroup(Lfinnstr/libgdx/liquidfun/ParticleGroupDef;)Lfinnstr/libgdx/liquidfun/ParticleGroup;+314
j  io.deltawave.Service.Level.LevelBuilder.addParticles(FFFFFLjava/lang/String;)Lfinnstr/libgdx/liquidfun/ParticleGroup;+99
j  io.deltawave.Service.Level.LevelService.addLiquidFromJson(Lcom/google/gson/JsonObject;FLio/deltawave/Service/Level/LevelBuilder;)Lfinnstr/libgdx/liquidfun/ParticleGroup;+121
j  io.deltawave.Service.Level.LevelService.lambda$createLevelFromJson$6(FLio/deltawave/Service/Level/LevelBuilder;Lcom/google/gson/JsonObject;)V+4
j  io.deltawave.Service.Level.LevelService$$Lambda$22.accept(Ljava/lang/Object;)V+16
j  java.util.ArrayList.forEach(Ljava/util/function/Consumer;)V+47
j  io.deltawave.Service.Level.LevelService.createLevelFromJson(Lcom/google/gson/JsonObject;)Lio/deltawave/Domain/Level;+164
j  io.deltawave.Service.Level.LevelService.loadLevelFile(Ljava/lang/String;)Lio/deltawave/Domain/Level;+67
j  io.deltawave.Controller.GameController.<init>(Lio/deltawave/Service/Render/RenderService;Lio/deltawave/Service/World/WorldService;Lio/deltawave/Service/Level/LevelService;Lio/deltawave/Service/Input/SwingInputService;)V+60
j  io.deltawave.App.<init>(II)V+62
j  io.deltawave.App.main([Ljava/lang/String;)V+68
v  ~StubRoutines::call_stub
j  sun.reflect.NativeMethodAccessorImpl.invoke0(Ljava/lang/reflect/Method;Ljava/lang/Object;[Ljava/lang/Object;)Ljava/lang/Object;+0
j  sun.reflect.NativeMethodAccessorImpl.invoke(Ljava/lang/Object;[Ljava/lang/Object;)Ljava/lang/Object;+100
j  sun.reflect.DelegatingMethodAccessorImpl.invoke(Ljava/lang/Object;[Ljava/lang/Object;)Ljava/lang/Object;+6
j  java.lang.reflect.Method.invoke(Ljava/lang/Object;[Ljava/lang/Object;)Ljava/lang/Object;+56
j  com.intellij.rt.execution.application.AppMain.main([Ljava/lang/String;)V+180
v  ~StubRoutines::call_stub

---------------  P R O C E S S  ---------------

Java Threads: ( => current thread )
  0x00007fad5f0c4800 JavaThread "AWT-EventQueue-0" [_thread_blocked, id=59139, stack(0x0000700001cfa000,0x0000700001dfa000)]
  0x00007fad5c958000 JavaThread "Java2D Disposer" daemon [_thread_blocked, id=53531, stack(0x0000700001bf7000,0x0000700001cf7000)]
  0x00007fad600aa800 JavaThread "Java2D Queue Flusher" daemon [_thread_blocked, id=54279, stack(0x0000700001af4000,0x0000700001bf4000)]
  0x00007fad5d84b000 JavaThread "AWT-Shutdown" [_thread_blocked, id=32531, stack(0x00007000017e5000,0x00007000018e5000)]
  0x00007fad5c8c2800 JavaThread "AWT-AppKit" daemon [_thread_in_native, id=2571, stack(0x00007fff5f105000,0x00007fff5f905000)]
  0x00007fad5c851000 JavaThread "Monitor Ctrl-Break" daemon [_thread_in_native, id=22275, stack(0x0000700001559000,0x0000700001659000)]
  0x00007fad5c82d800 JavaThread "Service Thread" daemon [_thread_blocked, id=21251, stack(0x0000700001353000,0x0000700001453000)]
  0x00007fad5e84c800 JavaThread "C1 CompilerThread3" daemon [_thread_blocked, id=20739, stack(0x0000700001250000,0x0000700001350000)]
  0x00007fad5c028000 JavaThread "C2 CompilerThread2" daemon [_thread_blocked, id=20227, stack(0x000070000114d000,0x000070000124d000)]
  0x00007fad5d805800 JavaThread "C2 CompilerThread1" daemon [_thread_in_native, id=19715, stack(0x000070000104a000,0x000070000114a000)]
  0x00007fad5c01b800 JavaThread "C2 CompilerThread0" daemon [_thread_blocked, id=19203, stack(0x0000700000f47000,0x0000700001047000)]
  0x00007fad5e809000 JavaThread "Signal Dispatcher" daemon [_thread_blocked, id=14863, stack(0x0000700000e44000,0x0000700000f44000)]
  0x00007fad5e806000 JavaThread "Finalizer" daemon [_thread_blocked, id=14339, stack(0x0000700000c3b000,0x0000700000d3b000)]
  0x00007fad5e803000 JavaThread "Reference Handler" daemon [_thread_blocked, id=13827, stack(0x0000700000b38000,0x0000700000c38000)]
=>0x00007fad5d001800 JavaThread "main" [_thread_in_native, id=5891, stack(0x000070000011a000,0x000070000021a000)]

Other Threads:
  0x00007fad5f807000 VMThread [stack: 0x0000700000a35000,0x0000700000b35000] [id=13315]
  0x00007fad5c82e000 WatcherThread [stack: 0x0000700001456000,0x0000700001556000] [id=21763]

VM state:not at safepoint (normal execution)

VM Mutex/Monitor currently owned by a thread: None

Heap:
 PSYoungGen      total 76288K, used 64904K [0x000000076ab00000, 0x0000000770000000, 0x00000007c0000000)
  eden space 65536K, 99% used [0x000000076ab00000,0x000000076ea620b0,0x000000076eb00000)
  from space 10752K, 0% used [0x000000076f580000,0x000000076f580000,0x0000000770000000)
  to   space 10752K, 0% used [0x000000076eb00000,0x000000076eb00000,0x000000076f580000)
 ParOldGen       total 175104K, used 0K [0x00000006c0000000, 0x00000006cab00000, 0x000000076ab00000)
  object space 175104K, 0% used [0x00000006c0000000,0x00000006c0000000,0x00000006cab00000)
 Metaspace       used 16398K, capacity 16618K, committed 16896K, reserved 1064960K
  class space    used 1719K, capacity 1791K, committed 1792K, reserved 1048576K

Card table byte_map: [0x0000000111957000,0x0000000112158000] byte_map_base: 0x000000010e357000

Marking Bits: (ParMarkBitMap*) 0x0000000101ee8bd0
 Begin Bits: [0x00000001126ae000, 0x00000001166ae000)
 End Bits:   [0x00000001166ae000, 0x000000011a6ae000)

Polling page: 0x00000001005be000

CodeCache: size=245760Kb used=3761Kb max_used=3774Kb free=241998Kb
 bounds [0x0000000102597000, 0x0000000102957000, 0x0000000111597000]
 total_blobs=1807 nmethods=949 adapters=772
 compilation: enabled

Compilation events (10 events):
Event: 1.859 Thread 0x00007fad5e84c800  947       3       java.lang.invoke.DirectMethodHandle::internalMemberName (8 bytes)
Event: 1.859 Thread 0x00007fad5e84c800 nmethod 947 0x000000010293b890 code [0x000000010293ba00, 0x000000010293bc30]
Event: 1.862 Thread 0x00007fad5e84c800  948       3       java.lang.StringBuilder::append (8 bytes)
Event: 1.862 Thread 0x00007fad5e84c800 nmethod 948 0x000000010293d190 code [0x000000010293d300, 0x000000010293d488]
Event: 1.862 Thread 0x00007fad5e84c800  949       3       java.lang.AbstractStringBuilder::append (62 bytes)
Event: 1.862 Thread 0x00007fad5e84c800 nmethod 949 0x000000010293c510 code [0x000000010293c6e0, 0x000000010293cdc8]
Event: 1.862 Thread 0x00007fad5e84c800  950       3       com.badlogic.gdx.utils.Array::<init> (21 bytes)
Event: 1.862 Thread 0x00007fad5e84c800 nmethod 950 0x000000010293c010 code [0x000000010293c180, 0x000000010293c3d0]
Event: 1.864 Thread 0x00007fad5c028000 nmethod 921 0x000000010293de10 code [0x000000010293e000, 0x000000010293e518]
Event: 1.864 Thread 0x00007fad5c028000  931       4       java.util.stream.AbstractPipeline::close (48 bytes)

GC Heap History (0 events):
No events

Deoptimization events (5 events):
Event: 0.411 Thread 0x00007fad5d001800 Uncommon trap: reason=unstable_if action=reinterpret pc=0x000000010273c088 method=java.lang.String.indexOf([CII[CIII)I @ 3
Event: 1.623 Thread 0x00007fad5d001800 Uncommon trap: reason=unstable_if action=reinterpret pc=0x00000001027935f8 method=sun.misc.MetaIndex.mayContain(Ljava/lang/String;)Z @ 38
Event: 1.760 Thread 0x00007fad5d001800 Uncommon trap: reason=unstable_if action=reinterpret pc=0x000000010271e8d8 method=java.lang.String.replace(CC)Ljava/lang/String; @ 26
Event: 1.789 Thread 0x00007fad5d001800 Uncommon trap: reason=unstable_if action=reinterpret pc=0x00000001028cb784 method=java.util.regex.Matcher.group(I)Ljava/lang/String; @ 65
Event: 1.819 Thread 0x00007fad5d001800 Uncommon trap: reason=unstable_if action=reinterpret pc=0x00000001028ed518 method=java.lang.String.compareTo(Ljava/lang/String;)I @ 38

Internal exceptions (10 events):
Event: 0.163 Thread 0x00007fad5d001800 Exception <a 'java/security/PrivilegedActionException'> (0x000000076af59640) thrown at [/Users/java_re/workspace/8-2-build-macosx-x86_64/jdk8u92/6642/hotspot/src/share/vm/prims/jvm.cpp, line 1386]
Event: 0.163 Thread 0x00007fad5d001800 Exception <a 'java/security/PrivilegedActionException'> (0x000000076af59850) thrown at [/Users/java_re/workspace/8-2-build-macosx-x86_64/jdk8u92/6642/hotspot/src/share/vm/prims/jvm.cpp, line 1386]
Event: 0.163 Thread 0x00007fad5d001800 Exception <a 'java/security/PrivilegedActionException'> (0x000000076af5ccd8) thrown at [/Users/java_re/workspace/8-2-build-macosx-x86_64/jdk8u92/6642/hotspot/src/share/vm/prims/jvm.cpp, line 1386]
Event: 0.163 Thread 0x00007fad5d001800 Exception <a 'java/security/PrivilegedActionException'> (0x000000076af5cee8) thrown at [/Users/java_re/workspace/8-2-build-macosx-x86_64/jdk8u92/6642/hotspot/src/share/vm/prims/jvm.cpp, line 1386]
Event: 0.220 Thread 0x00007fad5d001800 Exception <a 'java/lang/NoSuchFieldError': method resolution failed> (0x000000076b121130) thrown at [/Users/java_re/workspace/8-2-build-macosx-x86_64/jdk8u92/6642/hotspot/src/share/vm/prims/methodHandles.cpp, line 1146]
Event: 0.222 Thread 0x00007fad5d001800 Exception <a 'java/lang/NoSuchFieldError': method resolution failed> (0x000000076b12e4b0) thrown at [/Users/java_re/workspace/8-2-build-macosx-x86_64/jdk8u92/6642/hotspot/src/share/vm/prims/methodHandles.cpp, line 1146]
Event: 0.363 Thread 0x00007fad5d001800 Exception <a 'java/io/FileNotFoundException'> (0x000000076b23fac0) thrown at [/Users/java_re/workspace/8-2-build-macosx-x86_64/jdk8u92/6642/hotspot/src/share/vm/prims/jni.cpp, line 709]
Event: 0.364 Thread 0x00007fad5d001800 Exception <a 'java/io/FileNotFoundException'> (0x000000076b240600) thrown at [/Users/java_re/workspace/8-2-build-macosx-x86_64/jdk8u92/6642/hotspot/src/share/vm/prims/jni.cpp, line 709]
Event: 0.433 Thread 0x00007fad5d001800 Exception <a 'java/io/FileNotFoundException'> (0x000000076b5c0728) thrown at [/Users/java_re/workspace/8-2-build-macosx-x86_64/jdk8u92/6642/hotspot/src/share/vm/prims/jni.cpp, line 709]
Event: 0.444 Thread 0x00007fad5d001800 Exception <a 'java/io/FileNotFoundException'> (0x000000076b7d5650) thrown at [/Users/java_re/workspace/8-2-build-macosx-x86_64/jdk8u92/6642/hotspot/src/share/vm/prims/jni.cpp, line 709]

Events (10 events):
Event: 1.861 loading class io/deltawave/Service/Level/LevelBuilder
Event: 1.861 loading class io/deltawave/Service/Level/LevelBuilder done
Event: 1.861 loading class io/deltawave/Service/Level/LevelService
Event: 1.861 loading class io/deltawave/Service/Level/LevelService done
Event: 1.862 loading class finnstr/libgdx/liquidfun/ParticleGroupDef
Event: 1.862 loading class finnstr/libgdx/liquidfun/ParticleGroupDef done
Event: 1.862 loading class com/badlogic/gdx/graphics/Color
Event: 1.862 loading class com/badlogic/gdx/graphics/Color done
Event: 1.863 loading class finnstr/libgdx/liquidfun/ParticleDef$ParticleType
Event: 1.863 loading class finnstr/libgdx/liquidfun/ParticleDef$ParticleType done


Dynamic libraries:
0x0000000000f49000 	/System/Library/Frameworks/Cocoa.framework/Versions/A/Cocoa
0x0000000000f49000 	/System/Library/Frameworks/Security.framework/Versions/A/Security
0x0000000000f49000 	/System/Library/Frameworks/ApplicationServices.framework/Versions/A/ApplicationServices
0x0000000000f49000 	/usr/lib/libz.1.dylib
0x0000000000f49000 	/usr/lib/libSystem.B.dylib
0x0000000000f49000 	/usr/lib/libobjc.A.dylib
0x0000000000f49000 	/System/Library/Frameworks/CoreFoundation.framework/Versions/A/CoreFoundation
0x0000000000f49000 	/System/Library/Frameworks/Foundation.framework/Versions/C/Foundation
0x0000000000f49000 	/System/Library/Frameworks/AppKit.framework/Versions/C/AppKit
0x0000000000f49000 	/System/Library/Frameworks/CoreData.framework/Versions/A/CoreData
0x0000000000f49000 	/System/Library/PrivateFrameworks/RemoteViewServices.framework/Versions/A/RemoteViewServices
0x0000000000f49000 	/System/Library/PrivateFrameworks/UIFoundation.framework/Versions/A/UIFoundation
0x0000000000f49000 	/usr/lib/libScreenReader.dylib
0x0000000000f49000 	/System/Library/Frameworks/Accelerate.framework/Versions/A/Accelerate
0x0000000000f49000 	/System/Library/Frameworks/IOSurface.framework/Versions/A/IOSurface
0x0000000000f49000 	/System/Library/Frameworks/AudioToolbox.framework/Versions/A/AudioToolbox
0x0000000000f49000 	/System/Library/Frameworks/AudioUnit.framework/Versions/A/AudioUnit
0x0000000000f49000 	/System/Library/PrivateFrameworks/DataDetectorsCore.framework/Versions/A/DataDetectorsCore
0x0000000000f49000 	/System/Library/PrivateFrameworks/DesktopServicesPriv.framework/Versions/A/DesktopServicesPriv
0x0000000000f49000 	/System/Library/Frameworks/Carbon.framework/Versions/A/Frameworks/HIToolbox.framework/Versions/A/HIToolbox
0x0000000000f49000 	/System/Library/Frameworks/QuartzCore.framework/Versions/A/QuartzCore
0x0000000000f49000 	/System/Library/Frameworks/Carbon.framework/Versions/A/Frameworks/SpeechRecognition.framework/Versions/A/SpeechRecognition
0x0000000000f49000 	/usr/lib/libauto.dylib
0x0000000000f49000 	/usr/lib/libicucore.A.dylib
0x0000000000f49000 	/usr/lib/libxml2.2.dylib
0x0000000000f49000 	/System/Library/PrivateFrameworks/CoreUI.framework/Versions/A/CoreUI
0x0000000000f49000 	/System/Library/Frameworks/CoreAudio.framework/Versions/A/CoreAudio
0x0000000000f49000 	/System/Library/Frameworks/DiskArbitration.framework/Versions/A/DiskArbitration
0x0000000000f49000 	/usr/lib/liblangid.dylib
0x0000000000f49000 	/System/Library/PrivateFrameworks/MultitouchSupport.framework/Versions/A/MultitouchSupport
0x0000000000f49000 	/System/Library/Frameworks/IOKit.framework/Versions/A/IOKit
0x0000000000f49000 	/usr/lib/libDiagnosticMessagesClient.dylib
0x0000000000f49000 	/System/Library/Frameworks/CoreServices.framework/Versions/A/CoreServices
0x0000000000f49000 	/System/Library/PrivateFrameworks/PerformanceAnalysis.framework/Versions/A/PerformanceAnalysis
0x0000000000f49000 	/System/Library/PrivateFrameworks/GenerationalStorage.framework/Versions/A/GenerationalStorage
0x0000000000f49000 	/System/Library/Frameworks/OpenGL.framework/Versions/A/OpenGL
0x0000000000f49000 	/System/Library/PrivateFrameworks/Sharing.framework/Versions/A/Sharing
0x0000000000f49000 	/System/Library/Frameworks/CoreGraphics.framework/Versions/A/CoreGraphics
0x0000000000f49000 	/System/Library/Frameworks/CoreImage.framework/Versions/A/CoreImage
0x0000000000f49000 	/System/Library/Frameworks/CoreText.framework/Versions/A/CoreText
0x0000000000f49000 	/System/Library/Frameworks/ImageIO.framework/Versions/A/ImageIO
0x0000000000f49000 	/System/Library/PrivateFrameworks/Backup.framework/Versions/A/Backup
0x0000000000f49000 	/usr/lib/libextension.dylib
0x0000000000f49000 	/usr/lib/libarchive.2.dylib
0x0000000000f49000 	/System/Library/Frameworks/CFNetwork.framework/Versions/A/CFNetwork
0x0000000000f49000 	/System/Library/Frameworks/SystemConfiguration.framework/Versions/A/SystemConfiguration
0x0000000000f49000 	/usr/lib/libCRFSuite.dylib
0x0000000000f49000 	/usr/lib/libc++.1.dylib
0x0000000000f49000 	/usr/lib/libc++abi.dylib
0x0000000000f49000 	/usr/lib/system/libcache.dylib
0x0000000000f49000 	/usr/lib/system/libcommonCrypto.dylib
0x0000000000f49000 	/usr/lib/system/libcompiler_rt.dylib
0x0000000000f49000 	/usr/lib/system/libcopyfile.dylib
0x0000000000f49000 	/usr/lib/system/libcorecrypto.dylib
0x0000000000f49000 	/usr/lib/system/libdispatch.dylib
0x0000000000f49000 	/usr/lib/system/libdyld.dylib
0x0000000000f49000 	/usr/lib/system/libkeymgr.dylib
0x0000000000f49000 	/usr/lib/system/liblaunch.dylib
0x0000000000f49000 	/usr/lib/system/libmacho.dylib
0x0000000000f49000 	/usr/lib/system/libquarantine.dylib
0x0000000000f49000 	/usr/lib/system/libremovefile.dylib
0x0000000000f49000 	/usr/lib/system/libsystem_asl.dylib
0x0000000000f49000 	/usr/lib/system/libsystem_blocks.dylib
0x0000000000f49000 	/usr/lib/system/libsystem_c.dylib
0x0000000000f49000 	/usr/lib/system/libsystem_configuration.dylib
0x0000000000f49000 	/usr/lib/system/libsystem_coreservices.dylib
0x0000000000f49000 	/usr/lib/system/libsystem_coretls.dylib
0x0000000000f49000 	/usr/lib/system/libsystem_dnssd.dylib
0x0000000000f49000 	/usr/lib/system/libsystem_info.dylib
0x0000000000f49000 	/usr/lib/system/libsystem_kernel.dylib
0x0000000000f49000 	/usr/lib/system/libsystem_m.dylib
0x0000000000f49000 	/usr/lib/system/libsystem_malloc.dylib
0x0000000000f49000 	/usr/lib/system/libsystem_network.dylib
0x0000000000f49000 	/usr/lib/system/libsystem_networkextension.dylib
0x0000000000f49000 	/usr/lib/system/libsystem_notify.dylib
0x0000000000f49000 	/usr/lib/system/libsystem_platform.dylib
0x0000000000f49000 	/usr/lib/system/libsystem_pthread.dylib
0x0000000000f49000 	/usr/lib/system/libsystem_sandbox.dylib
0x0000000000f49000 	/usr/lib/system/libsystem_secinit.dylib
0x0000000000f49000 	/usr/lib/system/libsystem_trace.dylib
0x0000000000f49000 	/usr/lib/system/libunc.dylib
0x0000000000f49000 	/usr/lib/system/libunwind.dylib
0x0000000000f49000 	/usr/lib/system/libxpc.dylib
0x0000000000f49000 	/usr/lib/libenergytrace.dylib
0x0000000000f49000 	/usr/lib/libbsm.0.dylib
0x0000000000f49000 	/usr/lib/system/libkxld.dylib
0x0000000000f49000 	/usr/lib/libxar.1.dylib
0x0000000000f49000 	/usr/lib/libsqlite3.dylib
0x0000000000f49000 	/usr/lib/libpam.2.dylib
0x0000000000f49000 	/usr/lib/libOpenScriptingUtil.dylib
0x0000000000f49000 	/usr/lib/libbz2.1.0.dylib
0x0000000000f49000 	/usr/lib/liblzma.5.dylib
0x0000000000f49000 	/System/Library/Frameworks/CoreServices.framework/Versions/A/Frameworks/FSEvents.framework/Versions/A/FSEvents
0x0000000000f49000 	/System/Library/Frameworks/CoreServices.framework/Versions/A/Frameworks/CarbonCore.framework/Versions/A/CarbonCore
0x0000000000f49000 	/System/Library/Frameworks/CoreServices.framework/Versions/A/Frameworks/Metadata.framework/Versions/A/Metadata
0x0000000000f49000 	/System/Library/Frameworks/CoreServices.framework/Versions/A/Frameworks/OSServices.framework/Versions/A/OSServices
0x0000000000f49000 	/System/Library/Frameworks/CoreServices.framework/Versions/A/Frameworks/SearchKit.framework/Versions/A/SearchKit
0x0000000000f49000 	/System/Library/Frameworks/CoreServices.framework/Versions/A/Frameworks/AE.framework/Versions/A/AE
0x0000000000f49000 	/System/Library/Frameworks/CoreServices.framework/Versions/A/Frameworks/LaunchServices.framework/Versions/A/LaunchServices
0x0000000000f49000 	/System/Library/Frameworks/CoreServices.framework/Versions/A/Frameworks/DictionaryServices.framework/Versions/A/DictionaryServices
0x0000000000f49000 	/System/Library/Frameworks/CoreServices.framework/Versions/A/Frameworks/SharedFileList.framework/Versions/A/SharedFileList
0x0000000000f49000 	/System/Library/Frameworks/NetFS.framework/Versions/A/NetFS
0x0000000000f49000 	/System/Library/PrivateFrameworks/NetAuth.framework/Versions/A/NetAuth
0x0000000000f49000 	/System/Library/PrivateFrameworks/login.framework/Versions/A/Frameworks/loginsupport.framework/Versions/A/loginsupport
0x0000000000f49000 	/System/Library/PrivateFrameworks/TCC.framework/Versions/A/TCC
0x0000000000f49000 	/usr/lib/libmecabra.dylib
0x0000000000f49000 	/System/Library/Frameworks/ApplicationServices.framework/Versions/A/Frameworks/ATS.framework/Versions/A/ATS
0x0000000000f49000 	/System/Library/Frameworks/ApplicationServices.framework/Versions/A/Frameworks/ColorSync.framework/Versions/A/ColorSync
0x0000000000f49000 	/System/Library/Frameworks/ApplicationServices.framework/Versions/A/Frameworks/HIServices.framework/Versions/A/HIServices
0x0000000000f49000 	/System/Library/Frameworks/ApplicationServices.framework/Versions/A/Frameworks/LangAnalysis.framework/Versions/A/LangAnalysis
0x0000000000f49000 	/System/Library/Frameworks/ApplicationServices.framework/Versions/A/Frameworks/PrintCore.framework/Versions/A/PrintCore
0x0000000000f49000 	/System/Library/Frameworks/ApplicationServices.framework/Versions/A/Frameworks/QD.framework/Versions/A/QD
0x0000000000f49000 	/System/Library/Frameworks/ApplicationServices.framework/Versions/A/Frameworks/SpeechSynthesis.framework/Versions/A/SpeechSynthesis
0x0000000000f49000 	/System/Library/Frameworks/Metal.framework/Versions/A/Metal
0x0000000000f49000 	/System/Library/Frameworks/Accelerate.framework/Versions/A/Frameworks/vImage.framework/Versions/A/vImage
0x0000000000f49000 	/System/Library/Frameworks/Accelerate.framework/Versions/A/Frameworks/vecLib.framework/Versions/A/vecLib
0x0000000000f49000 	/System/Library/Frameworks/Accelerate.framework/Versions/A/Frameworks/vecLib.framework/Versions/A/libvDSP.dylib
0x0000000000f49000 	/System/Library/Frameworks/Accelerate.framework/Versions/A/Frameworks/vecLib.framework/Versions/A/libvMisc.dylib
0x0000000000f49000 	/System/Library/Frameworks/Accelerate.framework/Versions/A/Frameworks/vecLib.framework/Versions/A/libLAPACK.dylib
0x0000000000f49000 	/System/Library/Frameworks/Accelerate.framework/Versions/A/Frameworks/vecLib.framework/Versions/A/libBLAS.dylib
0x0000000000f49000 	/System/Library/Frameworks/Accelerate.framework/Versions/A/Frameworks/vecLib.framework/Versions/A/libLinearAlgebra.dylib
0x0000000000f49000 	/System/Library/Frameworks/Accelerate.framework/Versions/A/Frameworks/vecLib.framework/Versions/A/libSparseBLAS.dylib
0x0000000000f49000 	/System/Library/PrivateFrameworks/GPUCompiler.framework/libmetal_timestamp.dylib
0x0000000000f49000 	/System/Library/Frameworks/OpenGL.framework/Versions/A/Libraries/libCoreFSCache.dylib
0x0000000000f49000 	/System/Library/PrivateFrameworks/IOAccelerator.framework/Versions/A/IOAccelerator
0x0000000000f49000 	/System/Library/Frameworks/ApplicationServices.framework/Versions/A/Frameworks/ATS.framework/Versions/A/Resources/libFontParser.dylib
0x0000000000f49000 	/System/Library/Frameworks/ApplicationServices.framework/Versions/A/Frameworks/ATS.framework/Versions/A/Resources/libFontRegistry.dylib
0x0000000000f49000 	/System/Library/PrivateFrameworks/AppleVPA.framework/Versions/A/AppleVPA
0x0000000000f49000 	/System/Library/PrivateFrameworks/AppleJPEG.framework/Versions/A/AppleJPEG
0x0000000000f49000 	/System/Library/Frameworks/ImageIO.framework/Versions/A/Resources/libJPEG.dylib
0x0000000000f49000 	/System/Library/Frameworks/ImageIO.framework/Versions/A/Resources/libTIFF.dylib
0x0000000000f49000 	/System/Library/Frameworks/ImageIO.framework/Versions/A/Resources/libPng.dylib
0x0000000000f49000 	/System/Library/Frameworks/ImageIO.framework/Versions/A/Resources/libGIF.dylib
0x0000000000f49000 	/System/Library/Frameworks/ImageIO.framework/Versions/A/Resources/libJP2.dylib
0x0000000000f49000 	/System/Library/Frameworks/ImageIO.framework/Versions/A/Resources/libRadiance.dylib
0x0000000000f49000 	/System/Library/Frameworks/CoreVideo.framework/Versions/A/CoreVideo
0x0000000000f49000 	/System/Library/Frameworks/OpenGL.framework/Versions/A/Libraries/libGLU.dylib
0x0000000000f49000 	/System/Library/Frameworks/OpenGL.framework/Versions/A/Libraries/libGFXShared.dylib
0x0000000000f49000 	/System/Library/Frameworks/OpenGL.framework/Versions/A/Libraries/libGL.dylib
0x0000000000f49000 	/System/Library/Frameworks/OpenGL.framework/Versions/A/Libraries/libGLImage.dylib
0x0000000000f49000 	/System/Library/Frameworks/OpenGL.framework/Versions/A/Libraries/libCVMSPluginSupport.dylib
0x0000000000f49000 	/System/Library/Frameworks/OpenGL.framework/Versions/A/Libraries/libCoreVMClient.dylib
0x0000000000f49000 	/usr/lib/libcompression.dylib
0x0000000000f49000 	/usr/lib/libcups.2.dylib
0x0000000000f49000 	/System/Library/Frameworks/Kerberos.framework/Versions/A/Kerberos
0x0000000000f49000 	/System/Library/Frameworks/GSS.framework/Versions/A/GSS
0x0000000000f49000 	/usr/lib/libresolv.9.dylib
0x0000000000f49000 	/usr/lib/libiconv.2.dylib
0x0000000000f49000 	/System/Library/PrivateFrameworks/Heimdal.framework/Versions/A/Heimdal
0x0000000000f49000 	/usr/lib/libheimdal-asn1.dylib
0x0000000000f49000 	/System/Library/Frameworks/OpenDirectory.framework/Versions/A/OpenDirectory
0x0000000000f49000 	/System/Library/PrivateFrameworks/CommonAuth.framework/Versions/A/CommonAuth
0x0000000000f49000 	/System/Library/Frameworks/OpenDirectory.framework/Versions/A/Frameworks/CFOpenDirectory.framework/Versions/A/CFOpenDirectory
0x0000000000f49000 	/System/Library/Frameworks/SecurityFoundation.framework/Versions/A/SecurityFoundation
0x0000000000f49000 	/System/Library/PrivateFrameworks/LanguageModeling.framework/Versions/A/LanguageModeling
0x0000000000f49000 	/usr/lib/libmarisa.dylib
0x0000000000f49000 	/usr/lib/libChineseTokenizer.dylib
0x0000000000f49000 	/usr/lib/libcmph.dylib
0x0000000000f49000 	/System/Library/Frameworks/ServiceManagement.framework/Versions/A/ServiceManagement
0x0000000000f49000 	/usr/lib/libxslt.1.dylib
0x0000000000f49000 	/System/Library/Frameworks/Carbon.framework/Versions/A/Frameworks/Ink.framework/Versions/A/Ink
0x0000000000f49000 	/usr/lib/libFosl_dynamic.dylib
0x0000000000f49000 	/System/Library/PrivateFrameworks/FaceCore.framework/Versions/A/FaceCore
0x0000000000f49000 	/System/Library/Frameworks/OpenCL.framework/Versions/A/OpenCL
0x0000000000f49000 	/System/Library/PrivateFrameworks/CrashReporterSupport.framework/Versions/A/CrashReporterSupport
0x0000000000f49000 	/System/Library/PrivateFrameworks/IconServices.framework/Versions/A/IconServices
0x0000000000f49000 	/System/Library/PrivateFrameworks/Apple80211.framework/Versions/A/Apple80211
0x0000000000f49000 	/System/Library/Frameworks/CoreWLAN.framework/Versions/A/CoreWLAN
0x0000000000f49000 	/System/Library/Frameworks/IOBluetooth.framework/Versions/A/IOBluetooth
0x0000000000f49000 	/System/Library/PrivateFrameworks/CoreWiFi.framework/Versions/A/CoreWiFi
0x0000000000f49000 	/System/Library/Frameworks/CoreBluetooth.framework/Versions/A/CoreBluetooth
0x0000000000f49000 	/System/Library/PrivateFrameworks/ChunkingLibrary.framework/Versions/A/ChunkingLibrary
0x0000000000f49000 	/System/Library/PrivateFrameworks/DebugSymbols.framework/Versions/A/DebugSymbols
0x0000000000f49000 	/System/Library/PrivateFrameworks/CoreSymbolication.framework/Versions/A/CoreSymbolication
0x0000000000f49000 	/System/Library/PrivateFrameworks/Symbolication.framework/Versions/A/Symbolication
0x0000000000f49000 	/System/Library/PrivateFrameworks/SpeechRecognitionCore.framework/Versions/A/SpeechRecognitionCore
0x0000000101600000 	/Library/Java/JavaVirtualMachines/jdk1.8.0_92.jdk/Contents/Home/jre/lib/server/libjvm.dylib
0x0000000000f49000 	/usr/lib/libstdc++.6.dylib
0x000000010057b000 	/Library/Java/JavaVirtualMachines/jdk1.8.0_92.jdk/Contents/Home/jre/lib/libverify.dylib
0x0000000100589000 	/Library/Java/JavaVirtualMachines/jdk1.8.0_92.jdk/Contents/Home/jre/lib/libjava.dylib
0x00000001005c8000 	/Library/Java/JavaVirtualMachines/jdk1.8.0_92.jdk/Contents/Home/jre/lib/libzip.dylib
0x000000011d624000 	/System/Library/Frameworks/JavaVM.framework/Frameworks/JavaRuntimeSupport.framework/JavaRuntimeSupport
0x000000011d63f000 	/System/Library/Frameworks/JavaVM.framework/Versions/A/Frameworks/JavaNativeFoundation.framework/Versions/A/JavaNativeFoundation
0x000000011d654000 	/System/Library/Frameworks/JavaVM.framework/Versions/A/JavaVM
0x0000000000f49000 	/System/Library/Frameworks/Carbon.framework/Versions/A/Carbon
0x000000011d661000 	/System/Library/PrivateFrameworks/JavaLaunching.framework/Versions/A/JavaLaunching
0x0000000000f49000 	/System/Library/Frameworks/Carbon.framework/Versions/A/Frameworks/CommonPanels.framework/Versions/A/CommonPanels
0x0000000000f49000 	/System/Library/Frameworks/Carbon.framework/Versions/A/Frameworks/Help.framework/Versions/A/Help
0x0000000000f49000 	/System/Library/Frameworks/Carbon.framework/Versions/A/Frameworks/ImageCapture.framework/Versions/A/ImageCapture
0x0000000000f49000 	/System/Library/Frameworks/Carbon.framework/Versions/A/Frameworks/OpenScripting.framework/Versions/A/OpenScripting
0x0000000000f49000 	/System/Library/Frameworks/Carbon.framework/Versions/A/Frameworks/Print.framework/Versions/A/Print
0x0000000000f49000 	/System/Library/Frameworks/Carbon.framework/Versions/A/Frameworks/SecurityHI.framework/Versions/A/SecurityHI
0x000000011f0f0000 	/Applications/IntelliJ IDEA CE.app/Contents/bin/libbreakgen64.jnilib
0x000000011f0f3000 	/Library/Java/JavaVirtualMachines/jdk1.8.0_92.jdk/Contents/Home/jre/lib/libnet.dylib
0x000000011f152000 	/private/var/folders/hw/mr608z0s0ws121c3d_4cy4140000gn/T/libgdxwill/63ee7dc5/libgdx-liquidfun64.dylib
0x000000011f1b8000 	/Library/Java/JavaVirtualMachines/jdk1.8.0_92.jdk/Contents/Home/jre/lib/libawt.dylib
0x000000011f260000 	/Library/Java/JavaVirtualMachines/jdk1.8.0_92.jdk/Contents/Home/jre/lib/./libmlib_image.dylib
0x000000011f32c000 	/Library/Java/JavaVirtualMachines/jdk1.8.0_92.jdk/Contents/Home/jre/lib/libawt_lwawt.dylib
0x000000011f3e1000 	/Library/Java/JavaVirtualMachines/jdk1.8.0_92.jdk/Contents/Home/jre/lib/./libosxapp.dylib
0x0000000000f49000 	/System/Library/Frameworks/ExceptionHandling.framework/Versions/A/ExceptionHandling
0x0000000000f49000 	/System/Library/PrivateFrameworks/CoreServicesInternal.framework/Versions/A/CoreServicesInternal
0x0000000000f49000 	/System/Library/Frameworks/CoreGraphics.framework/Versions/A/Resources/libRIP.A.dylib
0x0000000000f49000 	/System/Library/Frameworks/Accelerate.framework/Versions/A/Frameworks/vImage.framework/Versions/A/Libraries/libCGInterfaces.dylib
0x0000000000f49000 	/System/Library/Frameworks/CoreGraphics.framework/Versions/A/Resources/libCGXType.A.dylib
0x0000000000f49000 	/System/Library/Frameworks/OpenCL.framework/Versions/A/Libraries/libcldcpuengine.dylib
0x0000000000f49000 	/System/Library/PrivateFrameworks/DiskImages.framework/Versions/A/DiskImages
0x0000000000f49000 	/System/Library/Frameworks/DiscRecording.framework/Versions/A/DiscRecording
0x0000000000f49000 	/usr/lib/libcsfde.dylib
0x0000000000f49000 	/usr/lib/libcurl.4.dylib
0x0000000000f49000 	/System/Library/PrivateFrameworks/MediaKit.framework/Versions/A/MediaKit
0x0000000000f49000 	/System/Library/PrivateFrameworks/ProtectedCloudStorage.framework/Versions/A/ProtectedCloudStorage
0x0000000000f49000 	/usr/lib/libCoreStorage.dylib
0x0000000000f49000 	/System/Library/PrivateFrameworks/EFILogin.framework/Versions/A/EFILogin
0x0000000000f49000 	/usr/lib/libutil.dylib
0x0000000000f49000 	/System/Library/PrivateFrameworks/FindMyDevice.framework/Versions/A/FindMyDevice
0x0000000000f49000 	/System/Library/Frameworks/LDAP.framework/Versions/A/LDAP
0x0000000000f49000 	/usr/lib/libsasl2.2.dylib
0x0000000000f49000 	/System/Library/PrivateFrameworks/CoreDaemon.framework/Versions/B/CoreDaemon
0x0000000000f49000 	/usr/lib/libcrypto.0.9.8.dylib
0x0000000000f49000 	/System/Library/PrivateFrameworks/AppleSRP.framework/Versions/A/AppleSRP
0x0000000000f49000 	/System/Library/PrivateFrameworks/TrustEvaluationAgent.framework/Versions/A/TrustEvaluationAgent
0x0000000120f98000 	cl_kernels
0x0000000000f49000 	/System/Library/Frameworks/OpenCL.framework/Versions/A/Libraries/ImageFormats/unorm8_bgra.dylib
0x0000000000f49000 	/System/Library/Frameworks/OpenCL.framework/Versions/A/Libraries/ImageFormats/unorm8_rgba.dylib
0x0000000000f49000 	/System/Library/PrivateFrameworks/FamilyControls.framework/Versions/A/FamilyControls
0x0000000000f49000 	/System/Library/PrivateFrameworks/CommerceKit.framework/Versions/A/Frameworks/CommerceCore.framework/Versions/A/CommerceCore
0x0000000000f49000 	/System/Library/PrivateFrameworks/SystemAdministration.framework/Versions/A/SystemAdministration
0x0000000000f49000 	/System/Library/PrivateFrameworks/AppContainer.framework/Versions/A/AppContainer
0x0000000000f49000 	/System/Library/PrivateFrameworks/SecCodeWrapper.framework/Versions/A/SecCodeWrapper
0x0000000000f49000 	/System/Library/Frameworks/DirectoryService.framework/Versions/A/DirectoryService
0x0000000000f49000 	/System/Library/PrivateFrameworks/LoginUIKit.framework/Versions/A/Frameworks/LoginUICore.framework/Versions/A/LoginUICore
0x0000000000f49000 	/usr/lib/libodfde.dylib
0x000000012038f000 	/Library/Java/JavaVirtualMachines/jdk1.8.0_92.jdk/Contents/Home/jre/lib/libnio.dylib
0x000000012039f000 	/Users/will/Desktop/summer2016/specialprojects/PhysicsShooter/natives/macosx-universal/libgluegen-rt.jnilib
0x0000000122207000 	/Library/Java/JavaVirtualMachines/jdk1.8.0_92.jdk/Contents/Home/jre/lib/libfontmanager.dylib
0x00000001203a3000 	/Users/will/Desktop/summer2016/specialprojects/PhysicsShooter/natives/macosx-universal/libnativewindow_awt.jnilib
0x0000000120f89000 	/Library/Java/JavaVirtualMachines/jdk1.8.0_92.jdk/Contents/Home/jre/lib/libjawt.dylib
0x0000000000f49000 	/System/Library/Frameworks/OpenGL.framework/Versions/A/Resources/GLEngine.bundle/GLEngine
0x0000000000f49000 	/System/Library/Frameworks/OpenGL.framework/Versions/A/Libraries/libGLProgrammability.dylib
0x000000012226e000 	/System/Library/Extensions/AppleIntelHD5000GraphicsGLDriver.bundle/Contents/MacOS/AppleIntelHD5000GraphicsGLDriver
0x0000000000f49000 	/System/Library/PrivateFrameworks/GPUSupport.framework/Versions/A/Libraries/libGPUSupportMercury.dylib
0x00000001229bd000 	/System/Library/Extensions/AMDRadeonX4000GLDriver.bundle/Contents/MacOS/AMDRadeonX4000GLDriver
0x0000000122a89000 	/System/Library/Extensions/AMDRadeonX4000GLDriver.bundle/Contents/MacOS/ATIRadeonX4000SCLib.dylib
0x0000000000f49000 	/System/Library/Frameworks/OpenGL.framework/Versions/A/Resources/GLRendererFloat.bundle/GLRendererFloat
0x0000000123084000 	/Users/will/Desktop/summer2016/specialprojects/PhysicsShooter/natives/macosx-universal/libnativewindow_macosx.jnilib
0x000000012348e000 	/Users/will/Desktop/summer2016/specialprojects/PhysicsShooter/natives/macosx-universal/libjogl_desktop.jnilib
0x0000000123562000 	/Users/will/Desktop/summer2016/specialprojects/PhysicsShooter/natives/macosx-universal/libjogl_mobile.jnilib
0x00000001237c9000 	/Library/Java/JavaVirtualMachines/jdk1.8.0_92.jdk/Contents/Home/jre/lib/libosxui.dylib
0x0000000126bba000 	/System/Library/Extensions/AMDMTLBronzeDriver.bundle/Contents/MacOS/AMDMTLBronzeDriver
0x0000000000f49000 	/System/Library/PrivateFrameworks/IOAccelMemoryInfo.framework/Versions/A/IOAccelMemoryInfo
0x0000000126d15000 	/System/Library/Extensions/AppleIntelHD5000GraphicsMTLDriver.bundle/Contents/MacOS/AppleIntelHD5000GraphicsMTLDriver

VM Arguments:
jvm_args: -Dvisualvm.id=40027596579578 -Djava.library.path=/Users/will/Desktop/summer2016/specialprojects/PhysicsShooter/libs/gdx-liquidfun-natives.jar -Didea.launcher.port=7541 -Didea.launcher.bin.path=/Applications/IntelliJ IDEA CE.app/Contents/bin -Dfile.encoding=UTF-8 
java_command: com.intellij.rt.execution.application.AppMain io.deltawave.App
java_class_path (initial): /Library/Java/JavaVirtualMachines/jdk1.8.0_92.jdk/Contents/Home/jre/lib/charsets.jar:/Library/Java/JavaVirtualMachines/jdk1.8.0_92.jdk/Contents/Home/jre/lib/deploy.jar:/Library/Java/JavaVirtualMachines/jdk1.8.0_92.jdk/Contents/Home/jre/lib/ext/cldrdata.jar:/Library/Java/JavaVirtualMachines/jdk1.8.0_92.jdk/Contents/Home/jre/lib/ext/dnsns.jar:/Library/Java/JavaVirtualMachines/jdk1.8.0_92.jdk/Contents/Home/jre/lib/ext/jaccess.jar:/Library/Java/JavaVirtualMachines/jdk1.8.0_92.jdk/Contents/Home/jre/lib/ext/jfxrt.jar:/Library/Java/JavaVirtualMachines/jdk1.8.0_92.jdk/Contents/Home/jre/lib/ext/localedata.jar:/Library/Java/JavaVirtualMachines/jdk1.8.0_92.jdk/Contents/Home/jre/lib/ext/nashorn.jar:/Library/Java/JavaVirtualMachines/jdk1.8.0_92.jdk/Contents/Home/jre/lib/ext/sunec.jar:/Library/Java/JavaVirtualMachines/jdk1.8.0_92.jdk/Contents/Home/jre/lib/ext/sunjce_provider.jar:/Library/Java/JavaVirtualMachines/jdk1.8.0_92.jdk/Contents/Home/jre/lib/ext/sunpkcs11.jar:/Library/Java/JavaVirtualMachines/jdk1.8.0_92.jdk/Contents/Home/jre/lib/ext/zipfs.jar:/Library/Java/JavaVirtualMachines/jdk1.8.0_92.jdk/Contents/Home/jre/lib/javaws.jar:/Library/Java/JavaVirtualMachines/jdk1.8.0_92.jdk/Contents/Home/jre/lib/jce.jar:/Library/Java/JavaVirtualMachines/jdk1.8.0_92.jdk/Contents/Home/jre/lib/jfr.jar:/Library/Java/JavaVirtualMachines/jdk1.8.0_92.jdk/Contents/Home/jre/lib/jfxswt.jar:/Library/Java/JavaVirtualMachines/jdk1.8.0_92.jdk/Contents/Home/jre/lib/jsse.jar:/Library/Java/JavaVirtualMachines/jdk1.8.0_92.jdk/Contents/Home/jre/lib/management-agent.jar:/Library/Java/JavaVirtualMachines/jdk1.8.0_92.jdk/Contents/Home/jre/lib/plugin.jar:/Library/Java/JavaVirtualMachines/jdk1.8.0_92.jdk/Contents/Home/jre/lib/resources.jar:/Library/Java/JavaVirtualMachines/jdk1.8.0_92.jdk/Contents/Home/jre/lib/rt.jar:/Library/Java/JavaVirtualMachines/jdk1.8.0_92.jdk/Contents/Home/lib/ant-javafx.jar:/Library/Java/JavaVirtualMachines/jdk1.8.0_92.jdk/Contents/Home/lib/dt.jar:/Library/Ja
Launcher Type: SUN_STANDARD

Environment Variables:
PATH=/usr/local/bin:/usr/bin:/bin:/usr/sbin:/sbin:/usr/local/share/dotnet:/Users/will/Library/Android/sdk/tools:/Users/will/Library/Android/sdk/platform-tools
SHELL=/bin/bash

Signal Handlers:
SIGSEGV: [libjvm.dylib+0x5aa779], sa_mask[0]=11111111011111110111111111111111, sa_flags=SA_ONSTACK|SA_RESTART|SA_SIGINFO
SIGBUS: [libjvm.dylib+0x5aa779], sa_mask[0]=11111111011111110111111111111111, sa_flags=SA_RESTART|SA_SIGINFO
SIGFPE: [libjvm.dylib+0x4831d0], sa_mask[0]=11111111011111110111111111111111, sa_flags=SA_RESTART|SA_SIGINFO
SIGPIPE: [libjvm.dylib+0x4831d0], sa_mask[0]=11111111011111110111111111111111, sa_flags=SA_RESTART|SA_SIGINFO
SIGXFSZ: [libjvm.dylib+0x4831d0], sa_mask[0]=11111111011111110111111111111111, sa_flags=SA_RESTART|SA_SIGINFO
SIGILL: [libjvm.dylib+0x4831d0], sa_mask[0]=11111111011111110111111111111111, sa_flags=SA_RESTART|SA_SIGINFO
SIGUSR1: SIG_DFL, sa_mask[0]=00000000000000000000000000000000, sa_flags=none
SIGUSR2: [libjvm.dylib+0x482cee], sa_mask[0]=00100000000000000000000000000000, sa_flags=SA_RESTART|SA_SIGINFO
SIGHUP: [libjvm.dylib+0x4812c5], sa_mask[0]=11111111011111110111111111111111, sa_flags=SA_RESTART|SA_SIGINFO
SIGINT: [libjvm.dylib+0x4812c5], sa_mask[0]=11111111011111110111111111111111, sa_flags=SA_RESTART|SA_SIGINFO
SIGTERM: [libjvm.dylib+0x4812c5], sa_mask[0]=11111111011111110111111111111111, sa_flags=SA_RESTART|SA_SIGINFO
SIGQUIT: [libjvm.dylib+0x4812c5], sa_mask[0]=11111111011111110111111111111111, sa_flags=SA_RESTART|SA_SIGINFO


---------------  S Y S T E M  ---------------

OS:Bsduname:Darwin 15.5.0 Darwin Kernel Version 15.5.0: Tue Apr 19 18:36:36 PDT 2016; root:xnu-3248.50.21~8/RELEASE_X86_64 x86_64
rlimit: STACK 8192k, CORE 0k, NPROC 709, NOFILE 10240, AS infinity
load average:2.86 2.68 2.41

CPU:total 8 (4 cores per cpu, 2 threads per core) family 6 model 70 stepping 1, cmov, cx8, fxsr, mmx, sse, sse2, sse3, ssse3, sse4.1, sse4.2, popcnt, avx, avx2, aes, clmul, erms, lzcnt, ht, tsc, tscinvbit, bmi1, bmi2

Memory: 4k page, physical 16777216k(527680k free)

/proc/meminfo:


vm_info: Java HotSpot(TM) 64-Bit Server VM (25.92-b14) for bsd-amd64 JRE (1.8.0_92-b14), built on Mar 31 2016 21:23:14 by "java_re" with gcc 4.2.1 (Based on Apple Inc. build 5658) (LLVM build 2336.11.00)

time: Sat Jul  2 16:08:08 2016
elapsed time: 1 seconds (0d 0h 0m 1s)

