#
# A fatal error has been detected by the Java Runtime Environment:
#
#  SIGSEGV (0xb) at pc=0x00000001294e45ec, pid=11242, tid=0x000000000000e603
#
# JRE version: Java(TM) SE Runtime Environment (8.0_92-b14) (build 1.8.0_92-b14)
# Java VM: Java HotSpot(TM) 64-Bit Server VM (25.92-b14 mixed mode bsd-amd64 compressed oops)
# Problematic frame:
# C  [libgdx-liquidfun64.dylib+0x2b5ec]  b2ParticleSystem::SolveDamping(b2TimeStep const&)+0x9c
#
# Failed to write core dump. Core dumps have been disabled. To enable core dumping, try "ulimit -c unlimited" before starting Java again
#
# If you would like to submit a bug report, please visit:
#   http://bugreport.java.com/bugreport/crash.jsp
# The crash happened outside the Java Virtual Machine in native code.
# See problematic frame for where to report the bug.
#

---------------  T H R E A D  ---------------

Current thread (0x00007fb8fd02f800):  JavaThread "AWT-EventQueue-0" [_thread_in_native, id=58883, stack(0x0000700001c77000,0x0000700001d77000)]

siginfo: si_signo: 11 (SIGSEGV), si_code: 0 (unknown), si_addr: 0x0000000000000000

Registers:
RAX=0x3df90b53fc2144a0, RBX=0x00000000bf800000, RCX=0x000000012c48004c, RDX=0xbf80004c3df6b0f3
RSP=0x0000700001d750b8, RBP=0x0000700001d750c0, RSI=0x000000003df90b53, RDI=0x00007fb8fbc8f400
R8 =0x0000000133b98020, R9 =0x0000000000000ed3, R10=0x000000012c4c0020, R11=0x0000000000000ecd
R12=0x0000700001d75118, R13=0x0000700001d75128, R14=0x0000700001d751c8, R15=0x0000700001d750f8
RIP=0x00000001294e45ec, EFLAGS=0x0000000000010287, ERR=0x0000000000000000
  TRAPNO=0x000000000000000d

Top of Stack: (sp=0x0000700001d750b8)
0x0000700001d750b8:   00007fb8fbc8f400 0000700001d75180
0x0000700001d750c8:   00000001294e2e59 800000003e3454b2
0x0000700001d750d8:   4200312300010102 000000003cff9ddf
0x0000700001d750e8:   0000000000000000 00007fb8fa494f80
0x0000700001d750f8:   420031233cff9ddf 000000013f7856d9
0x0000700001d75108:   0000000300000001 00007000c013ed01
0x0000700001d75118:   00007fff94938002 0000000000000000
0x0000700001d75128:   00007fb8fc04b940 0000700001d75180
0x0000700001d75138:   0000700001d751a8 0000000000000003
0x0000700001d75148:   0000000000000001 0000700001d75180
0x0000700001d75158:   00007fb8fbc8f400 0000000000000001
0x0000700001d75168:   00007fb8fbc76000 0000700001d751c8
0x0000700001d75178:   0000000000000001 0000700001d75220
0x0000700001d75188:   00000001294d84db 3dbfb66701d751e0
0x0000700001d75198:   000000010cd56aa8 00000006c0014200
0x0000700001d751a8:   00000000577822a0 00000000000b36e9
0x0000700001d751b8:   00000000577822a0 00000000000b3671
0x0000700001d751c8:   412aec2f3dbfb667 000000013f7856d9
0x0000700001d751d8:   0000000300000001 00000006c013ed01
0x0000700001d751e8:   00000000577822a0 00000000000b3671
0x0000700001d751f8:   00007fb8fbc76000 0000000000000001
0x0000700001d75208:   00000000d80029fb 0000000000000003
0x0000700001d75218:   0000000000000001 0000700001d752a0
0x0000700001d75228:   00000001294f27da 3dbfb66701d75290
0x0000700001d75238:   0000000129506390 00007fb8fd02f9f8
0x0000700001d75248:   0000700001d752b0 00000001295063f0
0x0000700001d75258:   00007fb8fd02f9f8 0000700001d752b0
0x0000700001d75268:   0000000129506470 00007fb8fd02f9f8
0x0000700001d75278:   0000700001d752b0 0000000000000001
0x0000700001d75288:   0000000000000000 0000000000000000
0x0000700001d75298:   00007fb8fd02f800 0000700001d752f0
0x0000700001d752a8:   000000010cf3ea44 000000076da34c70 

Instructions: (pc=0x00000001294e45ec)
0x00000001294e45cc:   05 7f 22 01 00 66 66 66 66 66 66 2e 0f 1f 84 00
0x00000001294e45dc:   00 00 00 00 48 8b 41 e4 48 8b 51 f8 48 63 71 dc
0x00000001294e45ec:   f3 0f 10 78 58 f3 41 0f 7e 2c f0 f3 0f 7e 60 3c
0x00000001294e45fc:   0f 28 f5 0f 5c f4 66 0f 70 e6 01 f3 0f 59 e7 0f 

Register to memory mapping:

RAX=0x3df90b53fc2144a0 is an unknown value
RBX=0x00000000bf800000 is an unknown value
RCX=0x000000012c48004c is an unknown value
RDX=0xbf80004c3df6b0f3 is an unknown value
RSP=0x0000700001d750b8 is pointing into the stack for thread: 0x00007fb8fd02f800
RBP=0x0000700001d750c0 is pointing into the stack for thread: 0x00007fb8fd02f800
RSI=0x000000003df90b53 is an unknown value
RDI=0x00007fb8fbc8f400 is an unknown value
R8 =0x0000000133b98020 is an unknown value
R9 =0x0000000000000ed3 is an unknown value
R10=0x000000012c4c0020 is an unknown value
R11=0x0000000000000ecd is an unknown value
R12=0x0000700001d75118 is pointing into the stack for thread: 0x00007fb8fd02f800
R13=0x0000700001d75128 is pointing into the stack for thread: 0x00007fb8fd02f800
R14=0x0000700001d751c8 is pointing into the stack for thread: 0x00007fb8fd02f800
R15=0x0000700001d750f8 is pointing into the stack for thread: 0x00007fb8fd02f800


Stack: [0x0000700001c77000,0x0000700001d77000],  sp=0x0000700001d750b8,  free space=1016k
Native frames: (J=compiled Java code, j=interpreted, Vv=VM code, C=native code)
C  [libgdx-liquidfun64.dylib+0x2b5ec]  b2ParticleSystem::SolveDamping(b2TimeStep const&)+0x9c
C  [libgdx-liquidfun64.dylib+0x29e59]  b2ParticleSystem::Solve(b2TimeStep const&)+0x329
C  [libgdx-liquidfun64.dylib+0x1f4db]  b2World::Step(float, int, int, int)+0x12b
C  [libgdx-liquidfun64.dylib+0x397da]  Java_com_badlogic_gdx_physics_box2d_World_jniStep+0x9a
J 1631  com.badlogic.gdx.physics.box2d.World.jniStep(JFIII)V (0 bytes) @ 0x000000010cf3ea44 [0x000000010cf3e980+0xc4]
J 1536 C2 io.deltawave.Service.World.WorldService.update()V (115 bytes) @ 0x000000010ceebe2c [0x000000010ceebd20+0x10c]
J 1625 C1 io.deltawave.Service.Render.RenderService$$Lambda$24.accept(Ljava/lang/Object;)V (8 bytes) @ 0x000000010cf3ef54 [0x000000010cf3ed20+0x234]
J 1859 C2 java.util.ArrayList$ArrayListSpliterator.forEachRemaining(Ljava/util/function/Consumer;)V (129 bytes) @ 0x000000010cfffa14 [0x000000010cfff940+0xd4]
J 1409 C1 io.deltawave.Service.Render.RenderService.display(Lcom/jogamp/opengl/GLAutoDrawable;)V (46 bytes) @ 0x000000010ce88984 [0x000000010ce87d80+0xc04]
J 1619 C1 jogamp.opengl.GLDrawableHelper.displayImpl(Lcom/jogamp/opengl/GLAutoDrawable;)V (86 bytes) @ 0x000000010cf3a6dc [0x000000010cf39ae0+0xbfc]
J 1617 C1 com.jogamp.opengl.awt.GLCanvas$11.run()V (122 bytes) @ 0x000000010cf3c374 [0x000000010cf3bd40+0x634]
J 1577 C1 jogamp.opengl.GLDrawableHelper.invokeGLImpl(Lcom/jogamp/opengl/GLDrawable;Lcom/jogamp/opengl/GLContext;Ljava/lang/Runnable;Ljava/lang/Runnable;)V (579 bytes) @ 0x000000010cf0762c [0x000000010cf067e0+0xe4c]
J 1576 C1 jogamp.opengl.GLDrawableHelper.invokeGL(Lcom/jogamp/opengl/GLDrawable;Lcom/jogamp/opengl/GLContext;Ljava/lang/Runnable;Ljava/lang/Runnable;)V (76 bytes) @ 0x000000010cf06204 [0x000000010cf06140+0xc4]
J 1408 C1 com.jogamp.opengl.awt.GLCanvas$12.run()V (126 bytes) @ 0x000000010ce86a4c [0x000000010ce86400+0x64c]
J 1371 C1 java.awt.event.InvocationEvent.dispatch()V (69 bytes) @ 0x000000010ce6040c [0x000000010ce602c0+0x14c]
J 1462 C1 java.awt.EventQueue.dispatchEventImpl(Ljava/awt/AWTEvent;Ljava/lang/Object;)V (149 bytes) @ 0x000000010cea84f4 [0x000000010cea6a00+0x1af4]
J 1540 C1 java.awt.EventQueue$3.run()Ljava/lang/Void; (60 bytes) @ 0x000000010ceed854 [0x000000010ceed640+0x214]
J 1539 C1 java.awt.EventQueue$3.run()Ljava/lang/Object; (5 bytes) @ 0x000000010ceeb94c [0x000000010ceeb8c0+0x8c]
v  ~StubRoutines::call_stub
V  [libjvm.dylib+0x2ecc9a]  JavaCalls::call_helper(JavaValue*, methodHandle*, JavaCallArguments*, Thread*)+0x6ae
V  [libjvm.dylib+0x34d430]  JVM_DoPrivileged+0x4b8
J 1294  java.security.AccessController.doPrivileged(Ljava/security/PrivilegedAction;Ljava/security/AccessControlContext;)Ljava/lang/Object; (0 bytes) @ 0x000000010ce16855 [0x000000010ce16780+0xd5]
J 1464 C1 java.awt.EventQueue.dispatchEvent(Ljava/awt/AWTEvent;)V (80 bytes) @ 0x000000010ceabbd4 [0x000000010ceab240+0x994]
J 1342 C1 java.awt.EventDispatchThread.pumpOneEventForFilters(I)V (295 bytes) @ 0x000000010ce4953c [0x000000010ce479c0+0x1b7c]
j  java.awt.EventDispatchThread.pumpEventsForFilter(ILjava/awt/Conditional;Ljava/awt/EventFilter;)V+35
j  java.awt.EventDispatchThread.pumpEventsForHierarchy(ILjava/awt/Conditional;Ljava/awt/Component;)V+11
j  java.awt.EventDispatchThread.pumpEvents(ILjava/awt/Conditional;)V+4
j  java.awt.EventDispatchThread.pumpEvents(Ljava/awt/Conditional;)V+3
j  java.awt.EventDispatchThread.run()V+9
v  ~StubRoutines::call_stub
V  [libjvm.dylib+0x2ecc9a]  JavaCalls::call_helper(JavaValue*, methodHandle*, JavaCallArguments*, Thread*)+0x6ae
V  [libjvm.dylib+0x2ed428]  JavaCalls::call_virtual(JavaValue*, KlassHandle, Symbol*, Symbol*, JavaCallArguments*, Thread*)+0x164
V  [libjvm.dylib+0x2ed5d4]  JavaCalls::call_virtual(JavaValue*, Handle, KlassHandle, Symbol*, Symbol*, Thread*)+0x4a
V  [libjvm.dylib+0x347dbd]  thread_entry(JavaThread*, Thread*)+0x7c
V  [libjvm.dylib+0x564c57]  JavaThread::thread_main_inner()+0x9b
V  [libjvm.dylib+0x566344]  JavaThread::run()+0x1c2
V  [libjvm.dylib+0x485bbe]  java_start(Thread*)+0xf6
C  [libsystem_pthread.dylib+0x399d]  _pthread_body+0x83
C  [libsystem_pthread.dylib+0x391a]  _pthread_body+0x0
C  [libsystem_pthread.dylib+0x1351]  thread_start+0xd
C  0x0000000000000000

Java frames: (J=compiled Java code, j=interpreted, Vv=VM code)
J 1631  com.badlogic.gdx.physics.box2d.World.jniStep(JFIII)V (0 bytes) @ 0x000000010cf3e9b8 [0x000000010cf3e980+0x38]
J 1536 C2 io.deltawave.Service.World.WorldService.update()V (115 bytes) @ 0x000000010ceebe2c [0x000000010ceebd20+0x10c]
J 1625 C1 io.deltawave.Service.Render.RenderService$$Lambda$24.accept(Ljava/lang/Object;)V (8 bytes) @ 0x000000010cf3ef54 [0x000000010cf3ed20+0x234]
J 1859 C2 java.util.ArrayList$ArrayListSpliterator.forEachRemaining(Ljava/util/function/Consumer;)V (129 bytes) @ 0x000000010cfffa14 [0x000000010cfff940+0xd4]
J 1409 C1 io.deltawave.Service.Render.RenderService.display(Lcom/jogamp/opengl/GLAutoDrawable;)V (46 bytes) @ 0x000000010ce88984 [0x000000010ce87d80+0xc04]
J 1619 C1 jogamp.opengl.GLDrawableHelper.displayImpl(Lcom/jogamp/opengl/GLAutoDrawable;)V (86 bytes) @ 0x000000010cf3a6dc [0x000000010cf39ae0+0xbfc]
J 1617 C1 com.jogamp.opengl.awt.GLCanvas$11.run()V (122 bytes) @ 0x000000010cf3c374 [0x000000010cf3bd40+0x634]
J 1577 C1 jogamp.opengl.GLDrawableHelper.invokeGLImpl(Lcom/jogamp/opengl/GLDrawable;Lcom/jogamp/opengl/GLContext;Ljava/lang/Runnable;Ljava/lang/Runnable;)V (579 bytes) @ 0x000000010cf0762c [0x000000010cf067e0+0xe4c]
J 1576 C1 jogamp.opengl.GLDrawableHelper.invokeGL(Lcom/jogamp/opengl/GLDrawable;Lcom/jogamp/opengl/GLContext;Ljava/lang/Runnable;Ljava/lang/Runnable;)V (76 bytes) @ 0x000000010cf06204 [0x000000010cf06140+0xc4]
J 1408 C1 com.jogamp.opengl.awt.GLCanvas$12.run()V (126 bytes) @ 0x000000010ce86a4c [0x000000010ce86400+0x64c]
J 1371 C1 java.awt.event.InvocationEvent.dispatch()V (69 bytes) @ 0x000000010ce6040c [0x000000010ce602c0+0x14c]
J 1462 C1 java.awt.EventQueue.dispatchEventImpl(Ljava/awt/AWTEvent;Ljava/lang/Object;)V (149 bytes) @ 0x000000010cea84f4 [0x000000010cea6a00+0x1af4]
J 1540 C1 java.awt.EventQueue$3.run()Ljava/lang/Void; (60 bytes) @ 0x000000010ceed854 [0x000000010ceed640+0x214]
J 1539 C1 java.awt.EventQueue$3.run()Ljava/lang/Object; (5 bytes) @ 0x000000010ceeb94c [0x000000010ceeb8c0+0x8c]
v  ~StubRoutines::call_stub
J 1294  java.security.AccessController.doPrivileged(Ljava/security/PrivilegedAction;Ljava/security/AccessControlContext;)Ljava/lang/Object; (0 bytes) @ 0x000000010ce167e3 [0x000000010ce16780+0x63]
J 1464 C1 java.awt.EventQueue.dispatchEvent(Ljava/awt/AWTEvent;)V (80 bytes) @ 0x000000010ceabbd4 [0x000000010ceab240+0x994]
J 1342 C1 java.awt.EventDispatchThread.pumpOneEventForFilters(I)V (295 bytes) @ 0x000000010ce4953c [0x000000010ce479c0+0x1b7c]
j  java.awt.EventDispatchThread.pumpEventsForFilter(ILjava/awt/Conditional;Ljava/awt/EventFilter;)V+35
j  java.awt.EventDispatchThread.pumpEventsForHierarchy(ILjava/awt/Conditional;Ljava/awt/Component;)V+11
j  java.awt.EventDispatchThread.pumpEvents(ILjava/awt/Conditional;)V+4
j  java.awt.EventDispatchThread.pumpEvents(Ljava/awt/Conditional;)V+3
j  java.awt.EventDispatchThread.run()V+9
v  ~StubRoutines::call_stub

---------------  P R O C E S S  ---------------

Java Threads: ( => current thread )
  0x00007fb8fa5bc800 JavaThread "DestroyJavaVM" [_thread_blocked, id=5891, stack(0x000070000011a000,0x000070000021a000)]
  0x00007fb8fa6b6000 JavaThread "Timer-0" [_thread_blocked, id=67587, stack(0x0000700001f00000,0x0000700002000000)]
  0x00007fb8fa5bd000 JavaThread "main-FPSAWTAnimator#00-Timer0" [_thread_blocked, id=67135, stack(0x0000700001dfd000,0x0000700001efd000)]
=>0x00007fb8fd02f800 JavaThread "AWT-EventQueue-0" [_thread_in_native, id=58883, stack(0x0000700001c77000,0x0000700001d77000)]
  0x00007fb8f99ab000 JavaThread "Java2D Disposer" daemon [_thread_blocked, id=53275, stack(0x0000700001b74000,0x0000700001c74000)]
  0x00007fb8fa1d5000 JavaThread "Java2D Queue Flusher" daemon [_thread_blocked, id=54023, stack(0x0000700001a71000,0x0000700001b71000)]
  0x00007fb8fb952800 JavaThread "AWT-Shutdown" [_thread_blocked, id=32275, stack(0x0000700001762000,0x0000700001862000)]
  0x00007fb8fa197800 JavaThread "AWT-AppKit" daemon [_thread_in_native, id=2571, stack(0x00007fff54d9e000,0x00007fff5559e000)]
  0x00007fb8f9079000 JavaThread "Monitor Ctrl-Break" daemon [_thread_in_native, id=22531, stack(0x00007000015dc000,0x00007000016dc000)]
  0x00007fb8fb822000 JavaThread "Service Thread" daemon [_thread_blocked, id=21507, stack(0x00007000013d6000,0x00007000014d6000)]
  0x00007fb8f9031800 JavaThread "C1 CompilerThread3" daemon [_thread_blocked, id=20995, stack(0x00007000012d3000,0x00007000013d3000)]
  0x00007fb8f980b000 JavaThread "C2 CompilerThread2" daemon [_thread_blocked, id=20483, stack(0x00007000011d0000,0x00007000012d0000)]
  0x00007fb8fb832800 JavaThread "C2 CompilerThread1" daemon [_thread_blocked, id=19971, stack(0x00007000010cd000,0x00007000011cd000)]
  0x00007fb8fb80d000 JavaThread "C2 CompilerThread0" daemon [_thread_blocked, id=19459, stack(0x0000700000fca000,0x00007000010ca000)]
  0x00007fb8f9033000 JavaThread "Signal Dispatcher" daemon [_thread_blocked, id=18707, stack(0x0000700000ec7000,0x0000700000fc7000)]
  0x00007fb8fa022800 JavaThread "Finalizer" daemon [_thread_blocked, id=14339, stack(0x0000700000c3b000,0x0000700000d3b000)]
  0x00007fb8f9801800 JavaThread "Reference Handler" daemon [_thread_blocked, id=13827, stack(0x0000700000b38000,0x0000700000c38000)]

Other Threads:
  0x00007fb8fa01e000 VMThread [stack: 0x0000700000a35000,0x0000700000b35000] [id=13315]
  0x00007fb8fb890800 WatcherThread [stack: 0x00007000014d9000,0x00007000015d9000] [id=22019]

VM state:not at safepoint (normal execution)

VM Mutex/Monitor currently owned by a thread: None

Heap:
 PSYoungGen      total 52224K, used 28788K [0x000000076ab00000, 0x000000076e480000, 0x00000007c0000000)
  eden space 46592K, 54% used [0x000000076ab00000,0x000000076c3c85d8,0x000000076d880000)
  from space 5632K, 60% used [0x000000076d900000,0x000000076dc54cf0,0x000000076de80000)
  to   space 6144K, 0% used [0x000000076de80000,0x000000076de80000,0x000000076e480000)
 ParOldGen       total 175104K, used 6606K [0x00000006c0000000, 0x00000006cab00000, 0x000000076ab00000)
  object space 175104K, 3% used [0x00000006c0000000,0x00000006c0673ad0,0x00000006cab00000)
 Metaspace       used 17650K, capacity 17948K, committed 18048K, reserved 1064960K
  class space    used 1825K, capacity 1902K, committed 1920K, reserved 1048576K

Card table byte_map: [0x000000011bd57000,0x000000011c558000] byte_map_base: 0x0000000118757000

Marking Bits: (ParMarkBitMap*) 0x000000010c2e8bd0
 Begin Bits: [0x000000011caae000, 0x0000000120aae000)
 End Bits:   [0x0000000120aae000, 0x0000000124aae000)

Polling page: 0x000000010a925000

CodeCache: size=245760Kb used=6735Kb max_used=6735Kb free=239025Kb
 bounds [0x000000010c997000, 0x000000010d037000, 0x000000011b997000]
 total_blobs=2760 nmethods=1892 adapters=781
 compilation: enabled

Compilation events (10 events):
Event: 45.988 Thread 0x00007fb8f9031800 1894       3       com.badlogic.gdx.utils.Array::removeValue (99 bytes)
Event: 45.988 Thread 0x00007fb8f9031800 nmethod 1894 0x000000010d029210 code [0x000000010d0293e0, 0x000000010d029988]
Event: 45.988 Thread 0x00007fb8f9031800 1895       3       com.badlogic.gdx.utils.Array::removeIndex (109 bytes)
Event: 45.989 Thread 0x00007fb8f9031800 nmethod 1895 0x000000010d027110 code [0x000000010d027360, 0x000000010d028248]
Event: 46.618 Thread 0x00007fb8f9031800 1896       3       java.util.ArrayList::remove (69 bytes)
Event: 46.619 Thread 0x00007fb8f9031800 nmethod 1896 0x000000010d0265d0 code [0x000000010d0267a0, 0x000000010d026dc8]
Event: 46.908 Thread 0x00007fb8f9031800 1897       3       com.badlogic.gdx.physics.box2d.Joint::setUserData (6 bytes)
Event: 46.908 Thread 0x00007fb8f9031800 nmethod 1897 0x000000010d028ed0 code [0x000000010d029020, 0x000000010d029190]
Event: 46.908 Thread 0x00007fb8f9031800 1898       3       com.badlogic.gdx.utils.LongMap::remove (207 bytes)
Event: 46.908 Thread 0x00007fb8f9031800 nmethod 1898 0x000000010d02e750 code [0x000000010d02e940, 0x000000010d02f308]

GC Heap History (10 events):
Event: 40.720 GC heap before
{Heap before GC invocations=19 (full 0):
 PSYoungGen      total 55296K, used 51067K [0x000000076ab00000, 0x000000076e900000, 0x00000007c0000000)
  eden space 50176K, 100% used [0x000000076ab00000,0x000000076dc00000,0x000000076dc00000)
  from space 5120K, 17% used [0x000000076e400000,0x000000076e4dee70,0x000000076e900000)
  to   space 6656K, 0% used [0x000000076dc00000,0x000000076dc00000,0x000000076e280000)
 ParOldGen       total 175104K, used 5269K [0x00000006c0000000, 0x00000006cab00000, 0x000000076ab00000)
  object space 175104K, 3% used [0x00000006c0000000,0x00000006c0525518,0x00000006cab00000)
 Metaspace       used 17644K, capacity 17948K, committed 18048K, reserved 1064960K
  class space    used 1825K, capacity 1902K, committed 1920K, reserved 1048576K
Event: 40.721 GC heap after
Heap after GC invocations=19 (full 0):
 PSYoungGen      total 49664K, used 507K [0x000000076ab00000, 0x000000076e800000, 0x00000007c0000000)
  eden space 49152K, 0% used [0x000000076ab00000,0x000000076ab00000,0x000000076db00000)
  from space 512K, 99% used [0x000000076dc00000,0x000000076dc7ed60,0x000000076dc80000)
  to   space 6656K, 0% used [0x000000076e180000,0x000000076e180000,0x000000076e800000)
 ParOldGen       total 175104K, used 5709K [0x00000006c0000000, 0x00000006cab00000, 0x000000076ab00000)
  object space 175104K, 3% used [0x00000006c0000000,0x00000006c05937e8,0x00000006cab00000)
 Metaspace       used 17644K, capacity 17948K, committed 18048K, reserved 1064960K
  class space    used 1825K, capacity 1902K, committed 1920K, reserved 1048576K
}
Event: 41.644 GC heap before
{Heap before GC invocations=20 (full 0):
 PSYoungGen      total 49664K, used 49659K [0x000000076ab00000, 0x000000076e800000, 0x00000007c0000000)
  eden space 49152K, 100% used [0x000000076ab00000,0x000000076db00000,0x000000076db00000)
  from space 512K, 99% used [0x000000076dc00000,0x000000076dc7ed60,0x000000076dc80000)
  to   space 6656K, 0% used [0x000000076e180000,0x000000076e180000,0x000000076e800000)
 ParOldGen       total 175104K, used 5709K [0x00000006c0000000, 0x00000006cab00000, 0x000000076ab00000)
  object space 175104K, 3% used [0x00000006c0000000,0x00000006c05937e8,0x00000006cab00000)
 Metaspace       used 17646K, capacity 17948K, committed 18048K, reserved 1064960K
  class space    used 1825K, capacity 1902K, committed 1920K, reserved 1048576K
Event: 41.645 GC heap after
Heap after GC invocations=20 (full 0):
 PSYoungGen      total 52736K, used 884K [0x000000076ab00000, 0x000000076e600000, 0x00000007c0000000)
  eden space 48128K, 0% used [0x000000076ab00000,0x000000076ab00000,0x000000076da00000)
  from space 4608K, 19% used [0x000000076e180000,0x000000076e25d0d0,0x000000076e600000)
  to   space 6144K, 0% used [0x000000076da00000,0x000000076da00000,0x000000076e000000)
 ParOldGen       total 175104K, used 5709K [0x00000006c0000000, 0x00000006cab00000, 0x000000076ab00000)
  object space 175104K, 3% used [0x00000006c0000000,0x00000006c05937e8,0x00000006cab00000)
 Metaspace       used 17646K, capacity 17948K, committed 18048K, reserved 1064960K
  class space    used 1825K, capacity 1902K, committed 1920K, reserved 1048576K
}
Event: 43.642 GC heap before
{Heap before GC invocations=21 (full 0):
 PSYoungGen      total 52736K, used 49012K [0x000000076ab00000, 0x000000076e600000, 0x00000007c0000000)
  eden space 48128K, 100% used [0x000000076ab00000,0x000000076da00000,0x000000076da00000)
  from space 4608K, 19% used [0x000000076e180000,0x000000076e25d0d0,0x000000076e600000)
  to   space 6144K, 0% used [0x000000076da00000,0x000000076da00000,0x000000076e000000)
 ParOldGen       total 175104K, used 5709K [0x00000006c0000000, 0x00000006cab00000, 0x000000076ab00000)
  object space 175104K, 3% used [0x00000006c0000000,0x00000006c05937e8,0x00000006cab00000)
 Metaspace       used 17646K, capacity 17948K, committed 18048K, reserved 1064960K
  class space    used 1825K, capacity 1902K, committed 1920K, reserved 1048576K
Event: 43.643 GC heap after
Heap after GC invocations=21 (full 0):
 PSYoungGen      total 48128K, used 443K [0x000000076ab00000, 0x000000076e580000, 0x00000007c0000000)
  eden space 47616K, 0% used [0x000000076ab00000,0x000000076ab00000,0x000000076d980000)
  from space 512K, 86% used [0x000000076da00000,0x000000076da6ed60,0x000000076da80000)
  to   space 6144K, 0% used [0x000000076df80000,0x000000076df80000,0x000000076e580000)
 ParOldGen       total 175104K, used 6278K [0x00000006c0000000, 0x00000006cab00000, 0x000000076ab00000)
  object space 175104K, 3% used [0x00000006c0000000,0x00000006c0621ad0,0x00000006cab00000)
 Metaspace       used 17646K, capacity 17948K, committed 18048K, reserved 1064960K
  class space    used 1825K, capacity 1902K, committed 1920K, reserved 1048576K
}
Event: 45.371 GC heap before
{Heap before GC invocations=22 (full 0):
 PSYoungGen      total 48128K, used 48059K [0x000000076ab00000, 0x000000076e580000, 0x00000007c0000000)
  eden space 47616K, 100% used [0x000000076ab00000,0x000000076d980000,0x000000076d980000)
  from space 512K, 86% used [0x000000076da00000,0x000000076da6ed60,0x000000076da80000)
  to   space 6144K, 0% used [0x000000076df80000,0x000000076df80000,0x000000076e580000)
 ParOldGen       total 175104K, used 6278K [0x00000006c0000000, 0x00000006cab00000, 0x000000076ab00000)
  object space 175104K, 3% used [0x00000006c0000000,0x00000006c0621ad0,0x00000006cab00000)
 Metaspace       used 17647K, capacity 17948K, committed 18048K, reserved 1064960K
  class space    used 1825K, capacity 1902K, committed 1920K, reserved 1048576K
Event: 45.372 GC heap after
Heap after GC invocations=22 (full 0):
 PSYoungGen      total 51712K, used 544K [0x000000076ab00000, 0x000000076e400000, 0x00000007c0000000)
  eden space 47104K, 0% used [0x000000076ab00000,0x000000076ab00000,0x000000076d900000)
  from space 4608K, 11% used [0x000000076df80000,0x000000076e008110,0x000000076e400000)
  to   space 5632K, 0% used [0x000000076d900000,0x000000076d900000,0x000000076de80000)
 ParOldGen       total 175104K, used 6286K [0x00000006c0000000, 0x00000006cab00000, 0x000000076ab00000)
  object space 175104K, 3% used [0x00000006c0000000,0x00000006c0623ad0,0x00000006cab00000)
 Metaspace       used 17647K, capacity 17948K, committed 18048K, reserved 1064960K
  class space    used 1825K, capacity 1902K, committed 1920K, reserved 1048576K
}
Event: 46.079 GC heap before
{Heap before GC invocations=23 (full 0):
 PSYoungGen      total 51712K, used 47648K [0x000000076ab00000, 0x000000076e400000, 0x00000007c0000000)
  eden space 47104K, 100% used [0x000000076ab00000,0x000000076d900000,0x000000076d900000)
  from space 4608K, 11% used [0x000000076df80000,0x000000076e008110,0x000000076e400000)
  to   space 5632K, 0% used [0x000000076d900000,0x000000076d900000,0x000000076de80000)
 ParOldGen       total 175104K, used 6286K [0x00000006c0000000, 0x00000006cab00000, 0x000000076ab00000)
  object space 175104K, 3% used [0x00000006c0000000,0x00000006c0623ad0,0x00000006cab00000)
 Metaspace       used 17648K, capacity 17948K, committed 18048K, reserved 1064960K
  class space    used 1825K, capacity 1902K, committed 1920K, reserved 1048576K
Event: 46.081 GC heap after
Heap after GC invocations=23 (full 0):
 PSYoungGen      total 52224K, used 3411K [0x000000076ab00000, 0x000000076e480000, 0x00000007c0000000)
  eden space 46592K, 0% used [0x000000076ab00000,0x000000076ab00000,0x000000076d880000)
  from space 5632K, 60% used [0x000000076d900000,0x000000076dc54cf0,0x000000076de80000)
  to   space 6144K, 0% used [0x000000076de80000,0x000000076de80000,0x000000076e480000)
 ParOldGen       total 175104K, used 6606K [0x00000006c0000000, 0x00000006cab00000, 0x000000076ab00000)
  object space 175104K, 3% used [0x00000006c0000000,0x00000006c0673ad0,0x00000006cab00000)
 Metaspace       used 17648K, capacity 17948K, committed 18048K, reserved 1064960K
  class space    used 1825K, capacity 1902K, committed 1920K, reserved 1048576K
}

Deoptimization events (10 events):
Event: 1.910 Thread 0x00007fb8fd02f800 Uncommon trap: reason=class_check action=maybe_recompile pc=0x000000010cd2b3d4 method=java.util.stream.ReferencePipeline$Head.forEach(Ljava/util/function/Consumer;)V @ 12
Event: 1.940 Thread 0x00007fb8fd02f800 Uncommon trap: reason=bimorphic action=maybe_recompile pc=0x000000010cc9da4c method=java.util.regex.Pattern$5.isSatisfiedBy(I)Z @ 5
Event: 1.964 Thread 0x00007fb8fd02f800 Uncommon trap: reason=bimorphic action=maybe_recompile pc=0x000000010cc9da4c method=java.util.regex.Pattern$5.isSatisfiedBy(I)Z @ 5
Event: 15.071 Thread 0x00007fb8fd02f800 Uncommon trap: reason=unstable_if action=reinterpret pc=0x000000010cd672c0 method=java.util.stream.ReferencePipeline$Head.forEach(Ljava/util/function/Consumer;)V @ 4
Event: 15.073 Thread 0x00007fb8fd02f800 Uncommon trap: reason=unstable_if action=reinterpret pc=0x000000010cee8978 method=java.util.ArrayList$ArrayListSpliterator.forEachRemaining(Ljava/util/function/Consumer;)V @ 39
Event: 26.623 Thread 0x00007fb8fd02f800 Uncommon trap: reason=unstable_if action=reinterpret pc=0x000000010cdb7fbc method=com.badlogic.gdx.utils.Array.iterator()Ljava/util/Iterator; @ 4
Event: 26.634 Thread 0x00007fb8fd02f800 Uncommon trap: reason=unstable_if action=reinterpret pc=0x000000010cea63d0 method=com.badlogic.gdx.utils.LongMap.get(J)Ljava/lang/Object; @ 71
Event: 37.641 Thread 0x00007fb8fd02f800 Uncommon trap: reason=null_check action=make_not_entrant pc=0x000000010cfa4924 method=com.google.gson.JsonPrimitive.isPrimitiveOrString(Ljava/lang/Object;)Z @ 39
Event: 37.641 Thread 0x00007fb8fd02f800 Uncommon trap: reason=null_check action=make_not_entrant pc=0x000000010cf7512c method=com.google.gson.JsonPrimitive.isPrimitiveOrString(Ljava/lang/Object;)Z @ 39
Event: 37.642 Thread 0x00007fb8fd02f800 Uncommon trap: reason=null_check action=make_not_entrant pc=0x000000010cfa4924 method=com.google.gson.JsonPrimitive.isPrimitiveOrString(Ljava/lang/Object;)Z @ 39

Internal exceptions (10 events):
Event: 45.381 Thread 0x00007fb8fd02f800 Implicit null exception at 0x000000010cf78a5d to 0x000000010cf7c744
Event: 45.381 Thread 0x00007fb8fd02f800 Exception <a 'java/lang/NullPointerException'> (0x000000076bb32198) thrown at [/Users/java_re/workspace/8-2-build-macosx-x86_64/jdk8u92/6642/hotspot/src/share/vm/runtime/sharedRuntime.cpp, line 605]
Event: 45.381 Thread 0x00007fb8fd02f800 Implicit null exception at 0x000000010cf78a5d to 0x000000010cf7c744
Event: 45.381 Thread 0x00007fb8fd02f800 Exception <a 'java/lang/NullPointerException'> (0x000000076bb32a70) thrown at [/Users/java_re/workspace/8-2-build-macosx-x86_64/jdk8u92/6642/hotspot/src/share/vm/runtime/sharedRuntime.cpp, line 605]
Event: 45.381 Thread 0x00007fb8fd02f800 Implicit null exception at 0x000000010cf78a5d to 0x000000010cf7c744
Event: 45.381 Thread 0x00007fb8fd02f800 Exception <a 'java/lang/NullPointerException'> (0x000000076bb33348) thrown at [/Users/java_re/workspace/8-2-build-macosx-x86_64/jdk8u92/6642/hotspot/src/share/vm/runtime/sharedRuntime.cpp, line 605]
Event: 45.381 Thread 0x00007fb8fd02f800 Implicit null exception at 0x000000010cf78a5d to 0x000000010cf7c744
Event: 45.381 Thread 0x00007fb8fd02f800 Exception <a 'java/lang/NullPointerException'> (0x000000076bb33c20) thrown at [/Users/java_re/workspace/8-2-build-macosx-x86_64/jdk8u92/6642/hotspot/src/share/vm/runtime/sharedRuntime.cpp, line 605]
Event: 45.381 Thread 0x00007fb8fd02f800 Implicit null exception at 0x000000010cf78a5d to 0x000000010cf7c744
Event: 45.381 Thread 0x00007fb8fd02f800 Exception <a 'java/lang/NullPointerException'> (0x000000076bb344f8) thrown at [/Users/java_re/workspace/8-2-build-macosx-x86_64/jdk8u92/6642/hotspot/src/share/vm/runtime/sharedRuntime.cpp, line 605]

Events (10 events):
Event: 41.644 Executing VM operation: ParallelGCFailedAllocation
Event: 41.645 Executing VM operation: ParallelGCFailedAllocation done
Event: 41.645 Executing VM operation: RevokeBias
Event: 41.645 Executing VM operation: RevokeBias done
Event: 43.642 Executing VM operation: ParallelGCFailedAllocation
Event: 43.643 Executing VM operation: ParallelGCFailedAllocation done
Event: 45.371 Executing VM operation: ParallelGCFailedAllocation
Event: 45.372 Executing VM operation: ParallelGCFailedAllocation done
Event: 46.079 Executing VM operation: ParallelGCFailedAllocation
Event: 46.081 Executing VM operation: ParallelGCFailedAllocation done


Dynamic libraries:
0x0000000000f49000 	/System/Library/Frameworks/Cocoa.framework/Versions/A/Cocoa
0x0000000000f49000 	/System/Library/Frameworks/Security.framework/Versions/A/Security
0x0000000000f49000 	/System/Library/Frameworks/ApplicationServices.framework/Versions/A/ApplicationServices
0x0000000000f49000 	/usr/lib/libz.1.dylib
0x0000000000f49000 	/usr/lib/libSystem.B.dylib
0x0000000000f49000 	/usr/lib/libobjc.A.dylib
0x0000000000f49000 	/System/Library/Frameworks/CoreFoundation.framework/Versions/A/CoreFoundation
0x0000000000f49000 	/System/Library/Frameworks/Foundation.framework/Versions/C/Foundation
0x0000000000f49000 	/System/Library/Frameworks/AppKit.framework/Versions/C/AppKit
0x0000000000f49000 	/System/Library/Frameworks/CoreData.framework/Versions/A/CoreData
0x0000000000f49000 	/System/Library/PrivateFrameworks/RemoteViewServices.framework/Versions/A/RemoteViewServices
0x0000000000f49000 	/System/Library/PrivateFrameworks/UIFoundation.framework/Versions/A/UIFoundation
0x0000000000f49000 	/usr/lib/libScreenReader.dylib
0x0000000000f49000 	/System/Library/Frameworks/Accelerate.framework/Versions/A/Accelerate
0x0000000000f49000 	/System/Library/Frameworks/IOSurface.framework/Versions/A/IOSurface
0x0000000000f49000 	/System/Library/Frameworks/AudioToolbox.framework/Versions/A/AudioToolbox
0x0000000000f49000 	/System/Library/Frameworks/AudioUnit.framework/Versions/A/AudioUnit
0x0000000000f49000 	/System/Library/PrivateFrameworks/DataDetectorsCore.framework/Versions/A/DataDetectorsCore
0x0000000000f49000 	/System/Library/PrivateFrameworks/DesktopServicesPriv.framework/Versions/A/DesktopServicesPriv
0x0000000000f49000 	/System/Library/Frameworks/Carbon.framework/Versions/A/Frameworks/HIToolbox.framework/Versions/A/HIToolbox
0x0000000000f49000 	/System/Library/Frameworks/QuartzCore.framework/Versions/A/QuartzCore
0x0000000000f49000 	/System/Library/Frameworks/Carbon.framework/Versions/A/Frameworks/SpeechRecognition.framework/Versions/A/SpeechRecognition
0x0000000000f49000 	/usr/lib/libauto.dylib
0x0000000000f49000 	/usr/lib/libicucore.A.dylib
0x0000000000f49000 	/usr/lib/libxml2.2.dylib
0x0000000000f49000 	/System/Library/PrivateFrameworks/CoreUI.framework/Versions/A/CoreUI
0x0000000000f49000 	/System/Library/Frameworks/CoreAudio.framework/Versions/A/CoreAudio
0x0000000000f49000 	/System/Library/Frameworks/DiskArbitration.framework/Versions/A/DiskArbitration
0x0000000000f49000 	/usr/lib/liblangid.dylib
0x0000000000f49000 	/System/Library/PrivateFrameworks/MultitouchSupport.framework/Versions/A/MultitouchSupport
0x0000000000f49000 	/System/Library/Frameworks/IOKit.framework/Versions/A/IOKit
0x0000000000f49000 	/usr/lib/libDiagnosticMessagesClient.dylib
0x0000000000f49000 	/System/Library/Frameworks/CoreServices.framework/Versions/A/CoreServices
0x0000000000f49000 	/System/Library/PrivateFrameworks/PerformanceAnalysis.framework/Versions/A/PerformanceAnalysis
0x0000000000f49000 	/System/Library/PrivateFrameworks/GenerationalStorage.framework/Versions/A/GenerationalStorage
0x0000000000f49000 	/System/Library/Frameworks/OpenGL.framework/Versions/A/OpenGL
0x0000000000f49000 	/System/Library/PrivateFrameworks/Sharing.framework/Versions/A/Sharing
0x0000000000f49000 	/System/Library/Frameworks/CoreGraphics.framework/Versions/A/CoreGraphics
0x0000000000f49000 	/System/Library/Frameworks/CoreImage.framework/Versions/A/CoreImage
0x0000000000f49000 	/System/Library/Frameworks/CoreText.framework/Versions/A/CoreText
0x0000000000f49000 	/System/Library/Frameworks/ImageIO.framework/Versions/A/ImageIO
0x0000000000f49000 	/System/Library/PrivateFrameworks/Backup.framework/Versions/A/Backup
0x0000000000f49000 	/usr/lib/libextension.dylib
0x0000000000f49000 	/usr/lib/libarchive.2.dylib
0x0000000000f49000 	/System/Library/Frameworks/CFNetwork.framework/Versions/A/CFNetwork
0x0000000000f49000 	/System/Library/Frameworks/SystemConfiguration.framework/Versions/A/SystemConfiguration
0x0000000000f49000 	/usr/lib/libCRFSuite.dylib
0x0000000000f49000 	/usr/lib/libc++.1.dylib
0x0000000000f49000 	/usr/lib/libc++abi.dylib
0x0000000000f49000 	/usr/lib/system/libcache.dylib
0x0000000000f49000 	/usr/lib/system/libcommonCrypto.dylib
0x0000000000f49000 	/usr/lib/system/libcompiler_rt.dylib
0x0000000000f49000 	/usr/lib/system/libcopyfile.dylib
0x0000000000f49000 	/usr/lib/system/libcorecrypto.dylib
0x0000000000f49000 	/usr/lib/system/libdispatch.dylib
0x0000000000f49000 	/usr/lib/system/libdyld.dylib
0x0000000000f49000 	/usr/lib/system/libkeymgr.dylib
0x0000000000f49000 	/usr/lib/system/liblaunch.dylib
0x0000000000f49000 	/usr/lib/system/libmacho.dylib
0x0000000000f49000 	/usr/lib/system/libquarantine.dylib
0x0000000000f49000 	/usr/lib/system/libremovefile.dylib
0x0000000000f49000 	/usr/lib/system/libsystem_asl.dylib
0x0000000000f49000 	/usr/lib/system/libsystem_blocks.dylib
0x0000000000f49000 	/usr/lib/system/libsystem_c.dylib
0x0000000000f49000 	/usr/lib/system/libsystem_configuration.dylib
0x0000000000f49000 	/usr/lib/system/libsystem_coreservices.dylib
0x0000000000f49000 	/usr/lib/system/libsystem_coretls.dylib
0x0000000000f49000 	/usr/lib/system/libsystem_dnssd.dylib
0x0000000000f49000 	/usr/lib/system/libsystem_info.dylib
0x0000000000f49000 	/usr/lib/system/libsystem_kernel.dylib
0x0000000000f49000 	/usr/lib/system/libsystem_m.dylib
0x0000000000f49000 	/usr/lib/system/libsystem_malloc.dylib
0x0000000000f49000 	/usr/lib/system/libsystem_network.dylib
0x0000000000f49000 	/usr/lib/system/libsystem_networkextension.dylib
0x0000000000f49000 	/usr/lib/system/libsystem_notify.dylib
0x0000000000f49000 	/usr/lib/system/libsystem_platform.dylib
0x0000000000f49000 	/usr/lib/system/libsystem_pthread.dylib
0x0000000000f49000 	/usr/lib/system/libsystem_sandbox.dylib
0x0000000000f49000 	/usr/lib/system/libsystem_secinit.dylib
0x0000000000f49000 	/usr/lib/system/libsystem_trace.dylib
0x0000000000f49000 	/usr/lib/system/libunc.dylib
0x0000000000f49000 	/usr/lib/system/libunwind.dylib
0x0000000000f49000 	/usr/lib/system/libxpc.dylib
0x0000000000f49000 	/usr/lib/libenergytrace.dylib
0x0000000000f49000 	/usr/lib/libbsm.0.dylib
0x0000000000f49000 	/usr/lib/system/libkxld.dylib
0x0000000000f49000 	/usr/lib/libxar.1.dylib
0x0000000000f49000 	/usr/lib/libsqlite3.dylib
0x0000000000f49000 	/usr/lib/libpam.2.dylib
0x0000000000f49000 	/usr/lib/libOpenScriptingUtil.dylib
0x0000000000f49000 	/usr/lib/libbz2.1.0.dylib
0x0000000000f49000 	/usr/lib/liblzma.5.dylib
0x0000000000f49000 	/System/Library/Frameworks/CoreServices.framework/Versions/A/Frameworks/FSEvents.framework/Versions/A/FSEvents
0x0000000000f49000 	/System/Library/Frameworks/CoreServices.framework/Versions/A/Frameworks/CarbonCore.framework/Versions/A/CarbonCore
0x0000000000f49000 	/System/Library/Frameworks/CoreServices.framework/Versions/A/Frameworks/Metadata.framework/Versions/A/Metadata
0x0000000000f49000 	/System/Library/Frameworks/CoreServices.framework/Versions/A/Frameworks/OSServices.framework/Versions/A/OSServices
0x0000000000f49000 	/System/Library/Frameworks/CoreServices.framework/Versions/A/Frameworks/SearchKit.framework/Versions/A/SearchKit
0x0000000000f49000 	/System/Library/Frameworks/CoreServices.framework/Versions/A/Frameworks/AE.framework/Versions/A/AE
0x0000000000f49000 	/System/Library/Frameworks/CoreServices.framework/Versions/A/Frameworks/LaunchServices.framework/Versions/A/LaunchServices
0x0000000000f49000 	/System/Library/Frameworks/CoreServices.framework/Versions/A/Frameworks/DictionaryServices.framework/Versions/A/DictionaryServices
0x0000000000f49000 	/System/Library/Frameworks/CoreServices.framework/Versions/A/Frameworks/SharedFileList.framework/Versions/A/SharedFileList
0x0000000000f49000 	/System/Library/Frameworks/NetFS.framework/Versions/A/NetFS
0x0000000000f49000 	/System/Library/PrivateFrameworks/NetAuth.framework/Versions/A/NetAuth
0x0000000000f49000 	/System/Library/PrivateFrameworks/login.framework/Versions/A/Frameworks/loginsupport.framework/Versions/A/loginsupport
0x0000000000f49000 	/System/Library/PrivateFrameworks/TCC.framework/Versions/A/TCC
0x0000000000f49000 	/usr/lib/libmecabra.dylib
0x0000000000f49000 	/System/Library/Frameworks/ApplicationServices.framework/Versions/A/Frameworks/ATS.framework/Versions/A/ATS
0x0000000000f49000 	/System/Library/Frameworks/ApplicationServices.framework/Versions/A/Frameworks/ColorSync.framework/Versions/A/ColorSync
0x0000000000f49000 	/System/Library/Frameworks/ApplicationServices.framework/Versions/A/Frameworks/HIServices.framework/Versions/A/HIServices
0x0000000000f49000 	/System/Library/Frameworks/ApplicationServices.framework/Versions/A/Frameworks/LangAnalysis.framework/Versions/A/LangAnalysis
0x0000000000f49000 	/System/Library/Frameworks/ApplicationServices.framework/Versions/A/Frameworks/PrintCore.framework/Versions/A/PrintCore
0x0000000000f49000 	/System/Library/Frameworks/ApplicationServices.framework/Versions/A/Frameworks/QD.framework/Versions/A/QD
0x0000000000f49000 	/System/Library/Frameworks/ApplicationServices.framework/Versions/A/Frameworks/SpeechSynthesis.framework/Versions/A/SpeechSynthesis
0x0000000000f49000 	/System/Library/Frameworks/Metal.framework/Versions/A/Metal
0x0000000000f49000 	/System/Library/Frameworks/Accelerate.framework/Versions/A/Frameworks/vImage.framework/Versions/A/vImage
0x0000000000f49000 	/System/Library/Frameworks/Accelerate.framework/Versions/A/Frameworks/vecLib.framework/Versions/A/vecLib
0x0000000000f49000 	/System/Library/Frameworks/Accelerate.framework/Versions/A/Frameworks/vecLib.framework/Versions/A/libvDSP.dylib
0x0000000000f49000 	/System/Library/Frameworks/Accelerate.framework/Versions/A/Frameworks/vecLib.framework/Versions/A/libvMisc.dylib
0x0000000000f49000 	/System/Library/Frameworks/Accelerate.framework/Versions/A/Frameworks/vecLib.framework/Versions/A/libLAPACK.dylib
0x0000000000f49000 	/System/Library/Frameworks/Accelerate.framework/Versions/A/Frameworks/vecLib.framework/Versions/A/libBLAS.dylib
0x0000000000f49000 	/System/Library/Frameworks/Accelerate.framework/Versions/A/Frameworks/vecLib.framework/Versions/A/libLinearAlgebra.dylib
0x0000000000f49000 	/System/Library/Frameworks/Accelerate.framework/Versions/A/Frameworks/vecLib.framework/Versions/A/libSparseBLAS.dylib
0x0000000000f49000 	/System/Library/PrivateFrameworks/GPUCompiler.framework/libmetal_timestamp.dylib
0x0000000000f49000 	/System/Library/Frameworks/OpenGL.framework/Versions/A/Libraries/libCoreFSCache.dylib
0x0000000000f49000 	/System/Library/PrivateFrameworks/IOAccelerator.framework/Versions/A/IOAccelerator
0x0000000000f49000 	/System/Library/Frameworks/ApplicationServices.framework/Versions/A/Frameworks/ATS.framework/Versions/A/Resources/libFontParser.dylib
0x0000000000f49000 	/System/Library/Frameworks/ApplicationServices.framework/Versions/A/Frameworks/ATS.framework/Versions/A/Resources/libFontRegistry.dylib
0x0000000000f49000 	/System/Library/PrivateFrameworks/AppleVPA.framework/Versions/A/AppleVPA
0x0000000000f49000 	/System/Library/PrivateFrameworks/AppleJPEG.framework/Versions/A/AppleJPEG
0x0000000000f49000 	/System/Library/Frameworks/ImageIO.framework/Versions/A/Resources/libJPEG.dylib
0x0000000000f49000 	/System/Library/Frameworks/ImageIO.framework/Versions/A/Resources/libTIFF.dylib
0x0000000000f49000 	/System/Library/Frameworks/ImageIO.framework/Versions/A/Resources/libPng.dylib
0x0000000000f49000 	/System/Library/Frameworks/ImageIO.framework/Versions/A/Resources/libGIF.dylib
0x0000000000f49000 	/System/Library/Frameworks/ImageIO.framework/Versions/A/Resources/libJP2.dylib
0x0000000000f49000 	/System/Library/Frameworks/ImageIO.framework/Versions/A/Resources/libRadiance.dylib
0x0000000000f49000 	/System/Library/Frameworks/CoreVideo.framework/Versions/A/CoreVideo
0x0000000000f49000 	/System/Library/Frameworks/OpenGL.framework/Versions/A/Libraries/libGLU.dylib
0x0000000000f49000 	/System/Library/Frameworks/OpenGL.framework/Versions/A/Libraries/libGFXShared.dylib
0x0000000000f49000 	/System/Library/Frameworks/OpenGL.framework/Versions/A/Libraries/libGL.dylib
0x0000000000f49000 	/System/Library/Frameworks/OpenGL.framework/Versions/A/Libraries/libGLImage.dylib
0x0000000000f49000 	/System/Library/Frameworks/OpenGL.framework/Versions/A/Libraries/libCVMSPluginSupport.dylib
0x0000000000f49000 	/System/Library/Frameworks/OpenGL.framework/Versions/A/Libraries/libCoreVMClient.dylib
0x0000000000f49000 	/usr/lib/libcompression.dylib
0x0000000000f49000 	/usr/lib/libcups.2.dylib
0x0000000000f49000 	/System/Library/Frameworks/Kerberos.framework/Versions/A/Kerberos
0x0000000000f49000 	/System/Library/Frameworks/GSS.framework/Versions/A/GSS
0x0000000000f49000 	/usr/lib/libresolv.9.dylib
0x0000000000f49000 	/usr/lib/libiconv.2.dylib
0x0000000000f49000 	/System/Library/PrivateFrameworks/Heimdal.framework/Versions/A/Heimdal
0x0000000000f49000 	/usr/lib/libheimdal-asn1.dylib
0x0000000000f49000 	/System/Library/Frameworks/OpenDirectory.framework/Versions/A/OpenDirectory
0x0000000000f49000 	/System/Library/PrivateFrameworks/CommonAuth.framework/Versions/A/CommonAuth
0x0000000000f49000 	/System/Library/Frameworks/OpenDirectory.framework/Versions/A/Frameworks/CFOpenDirectory.framework/Versions/A/CFOpenDirectory
0x0000000000f49000 	/System/Library/Frameworks/SecurityFoundation.framework/Versions/A/SecurityFoundation
0x0000000000f49000 	/System/Library/PrivateFrameworks/LanguageModeling.framework/Versions/A/LanguageModeling
0x0000000000f49000 	/usr/lib/libmarisa.dylib
0x0000000000f49000 	/usr/lib/libChineseTokenizer.dylib
0x0000000000f49000 	/usr/lib/libcmph.dylib
0x0000000000f49000 	/System/Library/Frameworks/ServiceManagement.framework/Versions/A/ServiceManagement
0x0000000000f49000 	/usr/lib/libxslt.1.dylib
0x0000000000f49000 	/System/Library/Frameworks/Carbon.framework/Versions/A/Frameworks/Ink.framework/Versions/A/Ink
0x0000000000f49000 	/usr/lib/libFosl_dynamic.dylib
0x0000000000f49000 	/System/Library/PrivateFrameworks/FaceCore.framework/Versions/A/FaceCore
0x0000000000f49000 	/System/Library/Frameworks/OpenCL.framework/Versions/A/OpenCL
0x0000000000f49000 	/System/Library/PrivateFrameworks/CrashReporterSupport.framework/Versions/A/CrashReporterSupport
0x0000000000f49000 	/System/Library/PrivateFrameworks/IconServices.framework/Versions/A/IconServices
0x0000000000f49000 	/System/Library/PrivateFrameworks/Apple80211.framework/Versions/A/Apple80211
0x0000000000f49000 	/System/Library/Frameworks/CoreWLAN.framework/Versions/A/CoreWLAN
0x0000000000f49000 	/System/Library/Frameworks/IOBluetooth.framework/Versions/A/IOBluetooth
0x0000000000f49000 	/System/Library/PrivateFrameworks/CoreWiFi.framework/Versions/A/CoreWiFi
0x0000000000f49000 	/System/Library/Frameworks/CoreBluetooth.framework/Versions/A/CoreBluetooth
0x0000000000f49000 	/System/Library/PrivateFrameworks/ChunkingLibrary.framework/Versions/A/ChunkingLibrary
0x0000000000f49000 	/System/Library/PrivateFrameworks/DebugSymbols.framework/Versions/A/DebugSymbols
0x0000000000f49000 	/System/Library/PrivateFrameworks/CoreSymbolication.framework/Versions/A/CoreSymbolication
0x0000000000f49000 	/System/Library/PrivateFrameworks/Symbolication.framework/Versions/A/Symbolication
0x0000000000f49000 	/System/Library/PrivateFrameworks/SpeechRecognitionCore.framework/Versions/A/SpeechRecognitionCore
0x000000010ba00000 	/Library/Java/JavaVirtualMachines/jdk1.8.0_92.jdk/Contents/Home/jre/lib/server/libjvm.dylib
0x0000000000f49000 	/usr/lib/libstdc++.6.dylib
0x000000010a8e2000 	/Library/Java/JavaVirtualMachines/jdk1.8.0_92.jdk/Contents/Home/jre/lib/libverify.dylib
0x000000010a8f0000 	/Library/Java/JavaVirtualMachines/jdk1.8.0_92.jdk/Contents/Home/jre/lib/libjava.dylib
0x000000010a92f000 	/Library/Java/JavaVirtualMachines/jdk1.8.0_92.jdk/Contents/Home/jre/lib/libzip.dylib
0x0000000127994000 	/System/Library/Frameworks/JavaVM.framework/Frameworks/JavaRuntimeSupport.framework/JavaRuntimeSupport
0x00000001279af000 	/System/Library/Frameworks/JavaVM.framework/Versions/A/Frameworks/JavaNativeFoundation.framework/Versions/A/JavaNativeFoundation
0x000000010a9f1000 	/System/Library/Frameworks/JavaVM.framework/Versions/A/JavaVM
0x0000000000f49000 	/System/Library/Frameworks/Carbon.framework/Versions/A/Carbon
0x00000001279c4000 	/System/Library/PrivateFrameworks/JavaLaunching.framework/Versions/A/JavaLaunching
0x0000000000f49000 	/System/Library/Frameworks/Carbon.framework/Versions/A/Frameworks/CommonPanels.framework/Versions/A/CommonPanels
0x0000000000f49000 	/System/Library/Frameworks/Carbon.framework/Versions/A/Frameworks/Help.framework/Versions/A/Help
0x0000000000f49000 	/System/Library/Frameworks/Carbon.framework/Versions/A/Frameworks/ImageCapture.framework/Versions/A/ImageCapture
0x0000000000f49000 	/System/Library/Frameworks/Carbon.framework/Versions/A/Frameworks/OpenScripting.framework/Versions/A/OpenScripting
0x0000000000f49000 	/System/Library/Frameworks/Carbon.framework/Versions/A/Frameworks/Print.framework/Versions/A/Print
0x0000000000f49000 	/System/Library/Frameworks/Carbon.framework/Versions/A/Frameworks/SecurityHI.framework/Versions/A/SecurityHI
0x0000000129457000 	/Applications/IntelliJ IDEA CE.app/Contents/bin/libbreakgen64.jnilib
0x000000012945a000 	/Library/Java/JavaVirtualMachines/jdk1.8.0_92.jdk/Contents/Home/jre/lib/libnet.dylib
0x00000001294b9000 	/private/var/folders/hw/mr608z0s0ws121c3d_4cy4140000gn/T/libgdxwill/63ee7dc5/libgdx-liquidfun64.dylib
0x000000012951f000 	/Library/Java/JavaVirtualMachines/jdk1.8.0_92.jdk/Contents/Home/jre/lib/libawt.dylib
0x00000001295c7000 	/Library/Java/JavaVirtualMachines/jdk1.8.0_92.jdk/Contents/Home/jre/lib/./libmlib_image.dylib
0x0000000129693000 	/Library/Java/JavaVirtualMachines/jdk1.8.0_92.jdk/Contents/Home/jre/lib/libawt_lwawt.dylib
0x0000000129748000 	/Library/Java/JavaVirtualMachines/jdk1.8.0_92.jdk/Contents/Home/jre/lib/./libosxapp.dylib
0x0000000000f49000 	/System/Library/Frameworks/ExceptionHandling.framework/Versions/A/ExceptionHandling
0x0000000000f49000 	/System/Library/PrivateFrameworks/CoreServicesInternal.framework/Versions/A/CoreServicesInternal
0x0000000000f49000 	/System/Library/Frameworks/CoreGraphics.framework/Versions/A/Resources/libRIP.A.dylib
0x0000000000f49000 	/System/Library/Frameworks/Accelerate.framework/Versions/A/Frameworks/vImage.framework/Versions/A/Libraries/libCGInterfaces.dylib
0x0000000000f49000 	/System/Library/Frameworks/CoreGraphics.framework/Versions/A/Resources/libCGXType.A.dylib
0x0000000000f49000 	/System/Library/Frameworks/OpenCL.framework/Versions/A/Libraries/libcldcpuengine.dylib
0x0000000000f49000 	/System/Library/PrivateFrameworks/DiskImages.framework/Versions/A/DiskImages
0x0000000000f49000 	/System/Library/Frameworks/DiscRecording.framework/Versions/A/DiscRecording
0x0000000000f49000 	/usr/lib/libcsfde.dylib
0x0000000000f49000 	/usr/lib/libcurl.4.dylib
0x0000000000f49000 	/System/Library/PrivateFrameworks/MediaKit.framework/Versions/A/MediaKit
0x0000000000f49000 	/System/Library/PrivateFrameworks/ProtectedCloudStorage.framework/Versions/A/ProtectedCloudStorage
0x0000000000f49000 	/usr/lib/libCoreStorage.dylib
0x0000000000f49000 	/System/Library/PrivateFrameworks/EFILogin.framework/Versions/A/EFILogin
0x0000000000f49000 	/usr/lib/libutil.dylib
0x0000000000f49000 	/System/Library/PrivateFrameworks/FindMyDevice.framework/Versions/A/FindMyDevice
0x0000000000f49000 	/System/Library/Frameworks/LDAP.framework/Versions/A/LDAP
0x0000000000f49000 	/usr/lib/libsasl2.2.dylib
0x0000000000f49000 	/System/Library/PrivateFrameworks/CoreDaemon.framework/Versions/B/CoreDaemon
0x0000000000f49000 	/usr/lib/libcrypto.0.9.8.dylib
0x0000000000f49000 	/System/Library/PrivateFrameworks/AppleSRP.framework/Versions/A/AppleSRP
0x0000000000f49000 	/System/Library/PrivateFrameworks/TrustEvaluationAgent.framework/Versions/A/TrustEvaluationAgent
0x000000012b2ff000 	cl_kernels
0x0000000000f49000 	/System/Library/Frameworks/OpenCL.framework/Versions/A/Libraries/ImageFormats/unorm8_bgra.dylib
0x0000000000f49000 	/System/Library/Frameworks/OpenCL.framework/Versions/A/Libraries/ImageFormats/unorm8_rgba.dylib
0x0000000000f49000 	/System/Library/PrivateFrameworks/FamilyControls.framework/Versions/A/FamilyControls
0x0000000000f49000 	/System/Library/PrivateFrameworks/CommerceKit.framework/Versions/A/Frameworks/CommerceCore.framework/Versions/A/CommerceCore
0x0000000000f49000 	/System/Library/PrivateFrameworks/SystemAdministration.framework/Versions/A/SystemAdministration
0x0000000000f49000 	/System/Library/PrivateFrameworks/AppContainer.framework/Versions/A/AppContainer
0x0000000000f49000 	/System/Library/PrivateFrameworks/SecCodeWrapper.framework/Versions/A/SecCodeWrapper
0x0000000000f49000 	/System/Library/Frameworks/DirectoryService.framework/Versions/A/DirectoryService
0x0000000000f49000 	/System/Library/PrivateFrameworks/LoginUIKit.framework/Versions/A/Frameworks/LoginUICore.framework/Versions/A/LoginUICore
0x0000000000f49000 	/usr/lib/libodfde.dylib
0x000000012a6f6000 	/Library/Java/JavaVirtualMachines/jdk1.8.0_92.jdk/Contents/Home/jre/lib/libnio.dylib
0x000000012a706000 	/Users/will/Desktop/summer2016/specialprojects/PhysicsShooter/natives/macosx-universal/libgluegen-rt.jnilib
0x000000012c56e000 	/Library/Java/JavaVirtualMachines/jdk1.8.0_92.jdk/Contents/Home/jre/lib/libfontmanager.dylib
0x000000012a70a000 	/Users/will/Desktop/summer2016/specialprojects/PhysicsShooter/natives/macosx-universal/libnativewindow_awt.jnilib
0x000000012b2f0000 	/Library/Java/JavaVirtualMachines/jdk1.8.0_92.jdk/Contents/Home/jre/lib/libjawt.dylib
0x0000000000f49000 	/System/Library/Frameworks/OpenGL.framework/Versions/A/Resources/GLEngine.bundle/GLEngine
0x0000000000f49000 	/System/Library/Frameworks/OpenGL.framework/Versions/A/Libraries/libGLProgrammability.dylib
0x000000012c5d5000 	/System/Library/Extensions/AppleIntelHD5000GraphicsGLDriver.bundle/Contents/MacOS/AppleIntelHD5000GraphicsGLDriver
0x0000000000f49000 	/System/Library/PrivateFrameworks/GPUSupport.framework/Versions/A/Libraries/libGPUSupportMercury.dylib
0x000000012cd24000 	/System/Library/Extensions/AMDRadeonX4000GLDriver.bundle/Contents/MacOS/AMDRadeonX4000GLDriver
0x000000012cdf0000 	/System/Library/Extensions/AMDRadeonX4000GLDriver.bundle/Contents/MacOS/ATIRadeonX4000SCLib.dylib
0x0000000000f49000 	/System/Library/Frameworks/OpenGL.framework/Versions/A/Resources/GLRendererFloat.bundle/GLRendererFloat
0x000000012d3eb000 	/Users/will/Desktop/summer2016/specialprojects/PhysicsShooter/natives/macosx-universal/libnativewindow_macosx.jnilib
0x000000012d7f5000 	/Users/will/Desktop/summer2016/specialprojects/PhysicsShooter/natives/macosx-universal/libjogl_desktop.jnilib
0x000000012d8c9000 	/Users/will/Desktop/summer2016/specialprojects/PhysicsShooter/natives/macosx-universal/libjogl_mobile.jnilib
0x000000012db30000 	/Library/Java/JavaVirtualMachines/jdk1.8.0_92.jdk/Contents/Home/jre/lib/libosxui.dylib
0x0000000130f21000 	/System/Library/Extensions/AMDMTLBronzeDriver.bundle/Contents/MacOS/AMDMTLBronzeDriver
0x0000000000f49000 	/System/Library/PrivateFrameworks/IOAccelMemoryInfo.framework/Versions/A/IOAccelMemoryInfo
0x000000013107c000 	/System/Library/Extensions/AppleIntelHD5000GraphicsMTLDriver.bundle/Contents/MacOS/AppleIntelHD5000GraphicsMTLDriver

VM Arguments:
jvm_args: -Dvisualvm.id=40871047182227 -Djava.library.path=/Users/will/Desktop/summer2016/specialprojects/PhysicsShooter/libs/gdx-liquidfun-natives.jar -Didea.launcher.port=7545 -Didea.launcher.bin.path=/Applications/IntelliJ IDEA CE.app/Contents/bin -Dfile.encoding=UTF-8 
java_command: com.intellij.rt.execution.application.AppMain io.deltawave.App
java_class_path (initial): /Library/Java/JavaVirtualMachines/jdk1.8.0_92.jdk/Contents/Home/jre/lib/charsets.jar:/Library/Java/JavaVirtualMachines/jdk1.8.0_92.jdk/Contents/Home/jre/lib/deploy.jar:/Library/Java/JavaVirtualMachines/jdk1.8.0_92.jdk/Contents/Home/jre/lib/ext/cldrdata.jar:/Library/Java/JavaVirtualMachines/jdk1.8.0_92.jdk/Contents/Home/jre/lib/ext/dnsns.jar:/Library/Java/JavaVirtualMachines/jdk1.8.0_92.jdk/Contents/Home/jre/lib/ext/jaccess.jar:/Library/Java/JavaVirtualMachines/jdk1.8.0_92.jdk/Contents/Home/jre/lib/ext/jfxrt.jar:/Library/Java/JavaVirtualMachines/jdk1.8.0_92.jdk/Contents/Home/jre/lib/ext/localedata.jar:/Library/Java/JavaVirtualMachines/jdk1.8.0_92.jdk/Contents/Home/jre/lib/ext/nashorn.jar:/Library/Java/JavaVirtualMachines/jdk1.8.0_92.jdk/Contents/Home/jre/lib/ext/sunec.jar:/Library/Java/JavaVirtualMachines/jdk1.8.0_92.jdk/Contents/Home/jre/lib/ext/sunjce_provider.jar:/Library/Java/JavaVirtualMachines/jdk1.8.0_92.jdk/Contents/Home/jre/lib/ext/sunpkcs11.jar:/Library/Java/JavaVirtualMachines/jdk1.8.0_92.jdk/Contents/Home/jre/lib/ext/zipfs.jar:/Library/Java/JavaVirtualMachines/jdk1.8.0_92.jdk/Contents/Home/jre/lib/javaws.jar:/Library/Java/JavaVirtualMachines/jdk1.8.0_92.jdk/Contents/Home/jre/lib/jce.jar:/Library/Java/JavaVirtualMachines/jdk1.8.0_92.jdk/Contents/Home/jre/lib/jfr.jar:/Library/Java/JavaVirtualMachines/jdk1.8.0_92.jdk/Contents/Home/jre/lib/jfxswt.jar:/Library/Java/JavaVirtualMachines/jdk1.8.0_92.jdk/Contents/Home/jre/lib/jsse.jar:/Library/Java/JavaVirtualMachines/jdk1.8.0_92.jdk/Contents/Home/jre/lib/management-agent.jar:/Library/Java/JavaVirtualMachines/jdk1.8.0_92.jdk/Contents/Home/jre/lib/plugin.jar:/Library/Java/JavaVirtualMachines/jdk1.8.0_92.jdk/Contents/Home/jre/lib/resources.jar:/Library/Java/JavaVirtualMachines/jdk1.8.0_92.jdk/Contents/Home/jre/lib/rt.jar:/Library/Java/JavaVirtualMachines/jdk1.8.0_92.jdk/Contents/Home/lib/ant-javafx.jar:/Library/Java/JavaVirtualMachines/jdk1.8.0_92.jdk/Contents/Home/lib/dt.jar:/Library/Ja
Launcher Type: SUN_STANDARD

Environment Variables:
PATH=/usr/local/bin:/usr/bin:/bin:/usr/sbin:/sbin:/usr/local/share/dotnet:/Users/will/Library/Android/sdk/tools:/Users/will/Library/Android/sdk/platform-tools
SHELL=/bin/bash

Signal Handlers:
SIGSEGV: [libjvm.dylib+0x5aa779], sa_mask[0]=11111111011111110111111111111111, sa_flags=SA_ONSTACK|SA_RESTART|SA_SIGINFO
SIGBUS: [libjvm.dylib+0x5aa779], sa_mask[0]=11111111011111110111111111111111, sa_flags=SA_RESTART|SA_SIGINFO
SIGFPE: [libjvm.dylib+0x4831d0], sa_mask[0]=11111111011111110111111111111111, sa_flags=SA_RESTART|SA_SIGINFO
SIGPIPE: [libjvm.dylib+0x4831d0], sa_mask[0]=11111111011111110111111111111111, sa_flags=SA_RESTART|SA_SIGINFO
SIGXFSZ: [libjvm.dylib+0x4831d0], sa_mask[0]=11111111011111110111111111111111, sa_flags=SA_RESTART|SA_SIGINFO
SIGILL: [libjvm.dylib+0x4831d0], sa_mask[0]=11111111011111110111111111111111, sa_flags=SA_RESTART|SA_SIGINFO
SIGUSR1: SIG_DFL, sa_mask[0]=00000000000000000000000000000000, sa_flags=none
SIGUSR2: [libjvm.dylib+0x482cee], sa_mask[0]=00100000000000000000000000000000, sa_flags=SA_RESTART|SA_SIGINFO
SIGHUP: [libjvm.dylib+0x4812c5], sa_mask[0]=11111111011111110111111111111111, sa_flags=SA_RESTART|SA_SIGINFO
SIGINT: [libjvm.dylib+0x4812c5], sa_mask[0]=11111111011111110111111111111111, sa_flags=SA_RESTART|SA_SIGINFO
SIGTERM: [libjvm.dylib+0x4812c5], sa_mask[0]=11111111011111110111111111111111, sa_flags=SA_RESTART|SA_SIGINFO
SIGQUIT: [libjvm.dylib+0x4812c5], sa_mask[0]=11111111011111110111111111111111, sa_flags=SA_RESTART|SA_SIGINFO


---------------  S Y S T E M  ---------------

OS:Bsduname:Darwin 15.5.0 Darwin Kernel Version 15.5.0: Tue Apr 19 18:36:36 PDT 2016; root:xnu-3248.50.21~8/RELEASE_X86_64 x86_64
rlimit: STACK 8192k, CORE 0k, NPROC 709, NOFILE 10240, AS infinity
load average:2.75 2.67 2.52

CPU:total 8 (4 cores per cpu, 2 threads per core) family 6 model 70 stepping 1, cmov, cx8, fxsr, mmx, sse, sse2, sse3, ssse3, sse4.1, sse4.2, popcnt, avx, avx2, aes, clmul, erms, lzcnt, ht, tsc, tscinvbit, bmi1, bmi2

Memory: 4k page, physical 16777216k(47876k free)

/proc/meminfo:


vm_info: Java HotSpot(TM) 64-Bit Server VM (25.92-b14) for bsd-amd64 JRE (1.8.0_92-b14), built on Mar 31 2016 21:23:14 by "java_re" with gcc 4.2.1 (Based on Apple Inc. build 5658) (LLVM build 2336.11.00)

time: Sat Jul  2 16:22:56 2016
elapsed time: 46 seconds (0d 0h 0m 46s)

